[ 2017-07-01T19:21:55+08:00 ] 127.0.0.1 /index.php/Member/register.html
INFO: [ app_begin ] --START--
INFO: Run Behavior\ReadHtmlCacheBehavior [ RunTime:0.000683s ]
INFO: [ app_begin ] --END-- [ RunTime:0.001288s ]
SQL: SHOW COLUMNS FROM `sp_cate` [ RunTime:0.0160s ]
SQL: SELECT * FROM `sp_cate`  [ RunTime:0.0009s ]
INFO: [ view_parse ] --START--
INFO: [ template_filter ] --START--
INFO: Run Behavior\ContentReplaceBehavior [ RunTime:0.000065s ]
INFO: [ template_filter ] --END-- [ RunTime:0.000117s ]
NOTIC: [8] Use of undefined constant telphone - assumed 'telphone' D:\sever\text\itshop\Application\Runtime\Cache\Home\510fd156decdf32bf27d82049cfb43c4.php 第 42 行.
INFO: Run Behavior\ParseTemplateBehavior [ RunTime:0.009649s ]
INFO: [ view_parse ] --END-- [ RunTime:0.009692s ]
INFO: [ view_filter ] --START--
INFO: Run Behavior\WriteHtmlCacheBehavior [ RunTime:0.000490s ]
INFO: [ view_filter ] --END-- [ RunTime:0.000518s ]
INFO: [ app_end ] --START--
INFO: Run Behavior\ShowPageTraceBehavior [ RunTime:0.000692s ]
INFO: [ app_end ] --END-- [ RunTime:0.000721s ]

[ 2017-07-01T19:33:07+08:00 ] 127.0.0.1 /index.php/Member/sendMessage.html
INFO: [ app_begin ] --START--
INFO: Run Behavior\ReadHtmlCacheBehavior [ RunTime:0.000445s ]
INFO: [ app_begin ] --END-- [ RunTime:0.000742s ]
SQL: SHOW COLUMNS FROM `sp_cate` [ RunTime:0.0610s ]
SQL: SELECT * FROM `sp_cate`  [ RunTime:0.0008s ]
NOTIC: [8] A session had already been started - ignoring session_start() D:\sever\text\itshop\Application\Home\Controller\MemberController.class.php 第 55 行.
NOTIC: [2] include_once(./CCPRestSmsSDK.php): failed to open stream: No such file or directory D:\sever\text\itshop\Application\Home\Controller\MemberController.class.php 第 58 行.
NOTIC: [2] include_once(): Failed opening './CCPRestSmsSDK.php' for inclusion (include_path='.;C:\php\pear') D:\sever\text\itshop\Application\Home\Controller\MemberController.class.php 第 58 行.

[ 2017-07-01T19:34:21+08:00 ] 127.0.0.1 /index.php/Member/sendMessage.html
INFO: [ app_begin ] --START--
INFO: Run Behavior\ReadHtmlCacheBehavior [ RunTime:0.000512s ]
INFO: [ app_begin ] --END-- [ RunTime:0.000885s ]
SQL: SHOW COLUMNS FROM `sp_cate` [ RunTime:0.7701s ]
SQL: SELECT * FROM `sp_cate`  [ RunTime:0.0014s ]
NOTIC: [8] A session had already been started - ignoring session_start() D:\sever\text\itshop\Application\Home\Controller\MemberController.class.php 第 55 行.
NOTIC: [2] include_once(./CCPRestSmsSDK.php): failed to open stream: No such file or directory D:\sever\text\itshop\Application\Home\Controller\MemberController.class.php 第 58 行.
NOTIC: [2] include_once(): Failed opening './CCPRestSmsSDK.php' for inclusion (include_path='.;C:\php\pear') D:\sever\text\itshop\Application\Home\Controller\MemberController.class.php 第 58 行.

[ 2017-07-01T19:35:09+08:00 ] 127.0.0.1 /index.php/Member/sendMessage.html
INFO: [ app_begin ] --START--
INFO: Run Behavior\ReadHtmlCacheBehavior [ RunTime:0.000678s ]
INFO: [ app_begin ] --END-- [ RunTime:0.001194s ]
SQL: SHOW COLUMNS FROM `sp_cate` [ RunTime:0.0350s ]
SQL: SELECT * FROM `sp_cate`  [ RunTime:0.0011s ]
NOTIC: [8] A session had already been started - ignoring session_start() D:\sever\text\itshop\Application\Home\Controller\MemberController.class.php 第 55 行.
INFO: [ app_end ] --START--
INFO: Run Behavior\ShowPageTraceBehavior [ RunTime:0.001899s ]
INFO: [ app_end ] --END-- [ RunTime:0.002005s ]

[ 2017-07-01T19:41:30+08:00 ] 127.0.0.1 /index.php/Member/sendMessage.html
INFO: [ app_begin ] --START--
INFO: Run Behavior\ReadHtmlCacheBehavior [ RunTime:0.000852s ]
INFO: [ app_begin ] --END-- [ RunTime:0.001367s ]
SQL: SHOW COLUMNS FROM `sp_cate` [ RunTime:0.0206s ]
SQL: SELECT * FROM `sp_cate`  [ RunTime:0.0007s ]
NOTIC: [8] A session had already been started - ignoring session_start() D:\sever\text\itshop\Application\Home\Controller\MemberController.class.php 第 55 行.
INFO: [ app_end ] --START--
INFO: Run Behavior\ShowPageTraceBehavior [ RunTime:0.001087s ]
INFO: [ app_end ] --END-- [ RunTime:0.001151s ]

[ 2017-07-01T19:41:57+08:00 ] 127.0.0.1 /index.php/Member/sendMessage.html
INFO: [ app_begin ] --START--
INFO: Run Behavior\ReadHtmlCacheBehavior [ RunTime:0.000445s ]
INFO: [ app_begin ] --END-- [ RunTime:0.000814s ]
SQL: SHOW COLUMNS FROM `sp_cate` [ RunTime:0.0193s ]
SQL: SELECT * FROM `sp_cate`  [ RunTime:0.0006s ]
NOTIC: [8] A session had already been started - ignoring session_start() D:\sever\text\itshop\Application\Home\Controller\MemberController.class.php 第 55 行.
INFO: [ app_end ] --START--
INFO: Run Behavior\ShowPageTraceBehavior [ RunTime:0.001048s ]
INFO: [ app_end ] --END-- [ RunTime:0.001107s ]

[ 2017-07-01T19:43:51+08:00 ] 127.0.0.1 /index.php/Member/sendMessage.html
INFO: [ app_begin ] --START--
INFO: Run Behavior\ReadHtmlCacheBehavior [ RunTime:0.000448s ]
INFO: [ app_begin ] --END-- [ RunTime:0.000817s ]
SQL: SHOW COLUMNS FROM `sp_cate` [ RunTime:0.0352s ]
SQL: SELECT * FROM `sp_cate`  [ RunTime:0.0005s ]
NOTIC: [8] A session had already been started - ignoring session_start() D:\sever\text\itshop\Application\Home\Controller\MemberController.class.php 第 55 行.
INFO: [ app_end ] --START--
INFO: Run Behavior\ShowPageTraceBehavior [ RunTime:0.000848s ]
INFO: [ app_end ] --END-- [ RunTime:0.000924s ]

[ 2017-07-01T19:44:30+08:00 ] 127.0.0.1 /index.php/Member/sendMessage.html
INFO: [ app_begin ] --START--
INFO: Run Behavior\ReadHtmlCacheBehavior [ RunTime:0.000450s ]
INFO: [ app_begin ] --END-- [ RunTime:0.000830s ]
SQL: SHOW COLUMNS FROM `sp_cate` [ RunTime:0.0401s ]
SQL: SELECT * FROM `sp_cate`  [ RunTime:0.0006s ]
NOTIC: [8] A session had already been started - ignoring session_start() D:\sever\text\itshop\Application\Home\Controller\MemberController.class.php 第 55 行.
INFO: [ app_end ] --START--
INFO: Run Behavior\ShowPageTraceBehavior [ RunTime:0.000733s ]
INFO: [ app_end ] --END-- [ RunTime:0.000777s ]

[ 2017-07-01T19:45:09+08:00 ] 127.0.0.1 /index.php/Member/sendMessage.html
INFO: [ app_begin ] --START--
INFO: Run Behavior\ReadHtmlCacheBehavior [ RunTime:0.000511s ]
INFO: [ app_begin ] --END-- [ RunTime:0.000929s ]
SQL: SHOW COLUMNS FROM `sp_cate` [ RunTime:0.0462s ]
SQL: SELECT * FROM `sp_cate`  [ RunTime:0.0005s ]
NOTIC: [8] A session had already been started - ignoring session_start() D:\sever\text\itshop\Application\Home\Controller\MemberController.class.php 第 55 行.
INFO: [ app_end ] --START--
INFO: Run Behavior\ShowPageTraceBehavior [ RunTime:0.001261s ]
INFO: [ app_end ] --END-- [ RunTime:0.001321s ]

[ 2017-07-01T19:51:52+08:00 ] 127.0.0.1 /index.php/Member/sendMessage.html
INFO: [ app_begin ] --START--
INFO: Run Behavior\ReadHtmlCacheBehavior [ RunTime:0.000459s ]
INFO: [ app_begin ] --END-- [ RunTime:0.000858s ]
SQL: SHOW COLUMNS FROM `sp_cate` [ RunTime:0.0273s ]
SQL: SELECT * FROM `sp_cate`  [ RunTime:0.0009s ]
NOTIC: [8] A session had already been started - ignoring session_start() D:\sever\text\itshop\Application\Home\Controller\MemberController.class.php 第 55 行.
INFO: [ app_end ] --START--
INFO: Run Behavior\ShowPageTraceBehavior [ RunTime:0.001505s ]
INFO: [ app_end ] --END-- [ RunTime:0.001598s ]

[ 2017-07-01T20:04:44+08:00 ] 127.0.0.1 /index.php/Member/sendMessage.html
INFO: [ app_begin ] --START--
INFO: Run Behavior\ReadHtmlCacheBehavior [ RunTime:0.000450s ]
INFO: [ app_begin ] --END-- [ RunTime:0.000821s ]
SQL: SHOW COLUMNS FROM `sp_cate` [ RunTime:0.0161s ]
SQL: SELECT * FROM `sp_cate`  [ RunTime:0.0005s ]
NOTIC: [8] A session had already been started - ignoring session_start() D:\sever\text\itshop\Application\Home\Controller\MemberController.class.php 第 55 行.
INFO: [ app_end ] --START--
INFO: Run Behavior\ShowPageTraceBehavior [ RunTime:0.000781s ]
INFO: [ app_end ] --END-- [ RunTime:0.000831s ]

[ 2017-07-01T22:04:16+08:00 ] 127.0.0.1 /index.php/Member/sendMessage.html
INFO: [ app_begin ] --START--
INFO: Run Behavior\ReadHtmlCacheBehavior [ RunTime:0.000947s ]
INFO: [ app_begin ] --END-- [ RunTime:0.001668s ]
SQL: SHOW COLUMNS FROM `sp_cate` [ RunTime:0.0437s ]
SQL: SELECT * FROM `sp_cate`  [ RunTime:0.0009s ]
NOTIC: [8] A session had already been started - ignoring session_start() D:\sever\text\itshop\Application\Home\Controller\MemberController.class.php 第 69 行.
INFO: [ app_end ] --START--
INFO: Run Behavior\ShowPageTraceBehavior [ RunTime:0.001189s ]
INFO: [ app_end ] --END-- [ RunTime:0.001260s ]

[ 2017-07-01T22:06:16+08:00 ] 127.0.0.1 /index.php/Member/sendMessage.html
INFO: [ app_begin ] --START--
INFO: Run Behavior\ReadHtmlCacheBehavior [ RunTime:0.000461s ]
INFO: [ app_begin ] --END-- [ RunTime:0.000774s ]
SQL: SHOW COLUMNS FROM `sp_cate` [ RunTime:0.0255s ]
SQL: SELECT * FROM `sp_cate`  [ RunTime:0.0008s ]
NOTIC: [8] A session had already been started - ignoring session_start() D:\sever\text\itshop\Application\Home\Controller\MemberController.class.php 第 69 行.

[ 2017-07-01T22:09:33+08:00 ] 127.0.0.1 /index.php/Member/sendMessage.html
INFO: [ app_begin ] --START--
INFO: Run Behavior\ReadHtmlCacheBehavior [ RunTime:0.000704s ]
INFO: [ app_begin ] --END-- [ RunTime:0.001073s ]
SQL: SHOW COLUMNS FROM `sp_cate` [ RunTime:0.0351s ]
SQL: SELECT * FROM `sp_cate`  [ RunTime:0.0006s ]
NOTIC: [8] A session had already been started - ignoring session_start() D:\sever\text\itshop\Application\Home\Controller\MemberController.class.php 第 69 行.

[ 2017-07-01T22:12:24+08:00 ] 127.0.0.1 /index.php/Member/sendMessage.html
INFO: [ app_begin ] --START--
INFO: Run Behavior\ReadHtmlCacheBehavior [ RunTime:0.000549s ]
INFO: [ app_begin ] --END-- [ RunTime:0.000970s ]
SQL: SHOW COLUMNS FROM `sp_cate` [ RunTime:0.0247s ]
SQL: SELECT * FROM `sp_cate`  [ RunTime:0.0008s ]
NOTIC: [8] A session had already been started - ignoring session_start() D:\sever\text\itshop\Application\Home\Controller\MemberController.class.php 第 69 行.
INFO: [ app_end ] --START--
INFO: Run Behavior\ShowPageTraceBehavior [ RunTime:0.002345s ]
INFO: [ app_end ] --END-- [ RunTime:0.002530s ]

[ 2017-07-01T22:44:25+08:00 ] 127.0.0.1 /index.php/Member/register.html
ERR: SQLSTATE[23000]: Integrity constraint violation: 1048 Column 'mem_name' cannot be null

