[ 2017-06-28T15:16:50+08:00 ] 127.0.0.1 /index.php/Cart/%7BU:('Cart/changeNum')%7D
INFO: [ app_begin ] --START--
INFO: Run Behavior\ReadHtmlCacheBehavior [ RunTime:0.000452s ]
INFO: [ app_begin ] --END-- [ RunTime:0.000820s ]
ERR: 非法操作:{U:('Cart

[ 2017-06-28T15:18:57+08:00 ] 127.0.0.1 /index.php/Cart/%7BU:('Cart/changeNum')%7D
INFO: [ app_begin ] --START--
INFO: Run Behavior\ReadHtmlCacheBehavior [ RunTime:0.000646s ]
INFO: [ app_begin ] --END-- [ RunTime:0.001023s ]
ERR: 非法操作:{U:('Cart

[ 2017-06-28T15:19:03+08:00 ] 127.0.0.1 /index.php/Cart/%7BU:('Cart/changeNum')%7D
INFO: [ app_begin ] --START--
INFO: Run Behavior\ReadHtmlCacheBehavior [ RunTime:0.000475s ]
INFO: [ app_begin ] --END-- [ RunTime:0.000842s ]
ERR: 非法操作:{U:('Cart

[ 2017-06-28T15:19:11+08:00 ] 127.0.0.1 /index.php/Cart/%7BU:('Cart/changeNum')%7D
INFO: [ app_begin ] --START--
INFO: Run Behavior\ReadHtmlCacheBehavior [ RunTime:0.000557s ]
INFO: [ app_begin ] --END-- [ RunTime:0.001018s ]
ERR: 非法操作:{U:('Cart

[ 2017-06-28T15:22:20+08:00 ] 127.0.0.1 /index.php/Cart/%7BU:('Cart/changeNum')%7D
INFO: [ app_begin ] --START--
INFO: Run Behavior\ReadHtmlCacheBehavior [ RunTime:0.000445s ]
INFO: [ app_begin ] --END-- [ RunTime:0.000811s ]
ERR: 非法操作:{U:('Cart

[ 2017-06-28T15:23:32+08:00 ] 127.0.0.1 /index.php/Cart/changeNum.html
INFO: [ app_begin ] --START--
INFO: Run Behavior\ReadHtmlCacheBehavior [ RunTime:0.000447s ]
INFO: [ app_begin ] --END-- [ RunTime:0.000812s ]
SQL: SHOW COLUMNS FROM `sp_cart` [ RunTime:0.0556s ]
SQL: UPDATE `sp_cart` SET `cart_num`='3' WHERE ( cart_id=8 ) [ RunTime:0.0652s ]
INFO: [ app_end ] --START--
INFO: Run Behavior\ShowPageTraceBehavior [ RunTime:0.004048s ]
INFO: [ app_end ] --END-- [ RunTime:0.004226s ]

[ 2017-06-28T15:38:35+08:00 ] 127.0.0.1 /index.php/Cart/changeNum.html
INFO: [ app_begin ] --START--
INFO: Run Behavior\ReadHtmlCacheBehavior [ RunTime:0.000448s ]
INFO: [ app_begin ] --END-- [ RunTime:0.000746s ]
SQL: SHOW COLUMNS FROM `sp_cart` [ RunTime:0.0623s ]
SQL: UPDATE `sp_cart` SET `cart_num`='2' WHERE ( cart_id=10 ) [ RunTime:0.3151s ]
INFO: [ app_end ] --START--
INFO: Run Behavior\ShowPageTraceBehavior [ RunTime:0.005070s ]
INFO: [ app_end ] --END-- [ RunTime:0.005352s ]

[ 2017-06-28T15:39:00+08:00 ] 127.0.0.1 /index.php/Cart/changeNum.html
INFO: [ app_begin ] --START--
INFO: Run Behavior\ReadHtmlCacheBehavior [ RunTime:0.000445s ]
INFO: [ app_begin ] --END-- [ RunTime:0.000744s ]
SQL: SHOW COLUMNS FROM `sp_cart` [ RunTime:0.0924s ]
SQL: UPDATE `sp_cart` SET `cart_num`='2' WHERE ( cart_id=11 ) [ RunTime:0.0424s ]
INFO: [ app_end ] --START--
INFO: Run Behavior\ShowPageTraceBehavior [ RunTime:0.000960s ]
INFO: [ app_end ] --END-- [ RunTime:0.001001s ]

[ 2017-06-28T15:39:39+08:00 ] 127.0.0.1 /index.php/Cart/changeNum.html
INFO: [ app_begin ] --START--
INFO: Run Behavior\ReadHtmlCacheBehavior [ RunTime:0.000678s ]
INFO: [ app_begin ] --END-- [ RunTime:0.001094s ]
SQL: SHOW COLUMNS FROM `sp_cart` [ RunTime:0.0410s ]
SQL: UPDATE `sp_cart` SET `cart_num`='2' WHERE ( cart_id=8 ) [ RunTime:0.0368s ]
SQL: SELECT SUM(c.cart_num * g.goods_price) AS tp_sum FROM sp_cart c left join sp_goods g on g.goods_id = c.cart_goods_id   WHERE ( c.cart_mem_id =5 ) LIMIT 1   [ RunTime:0.0008s ]
INFO: [ app_end ] --START--
INFO: Run Behavior\ShowPageTraceBehavior [ RunTime:0.003327s ]
INFO: [ app_end ] --END-- [ RunTime:0.003488s ]

[ 2017-06-28T15:47:53+08:00 ] 127.0.0.1 /index.php/Cart/changeNum.html
INFO: [ app_begin ] --START--
INFO: Run Behavior\ReadHtmlCacheBehavior [ RunTime:0.000445s ]
INFO: [ app_begin ] --END-- [ RunTime:0.000746s ]
SQL: SHOW COLUMNS FROM `sp_cart` [ RunTime:0.0249s ]
SQL: UPDATE `sp_cart` SET `cart_num`='3' WHERE ( cart_id=7 ) [ RunTime:0.0447s ]
SQL: SELECT SUM(c.cart_num * g.goods_price) AS tp_sum FROM sp_cart c left join sp_goods g on g.goods_id = c.cart_goods_id   WHERE ( c.cart_mem_id =5 ) LIMIT 1   [ RunTime:0.0005s ]
INFO: [ app_end ] --START--
INFO: Run Behavior\ShowPageTraceBehavior [ RunTime:0.000814s ]
INFO: [ app_end ] --END-- [ RunTime:0.000853s ]

[ 2017-06-28T15:48:07+08:00 ] 127.0.0.1 /index.php/Cart/changeNum.html
INFO: [ app_begin ] --START--
INFO: Run Behavior\ReadHtmlCacheBehavior [ RunTime:0.000444s ]
INFO: [ app_begin ] --END-- [ RunTime:0.000743s ]
SQL: SHOW COLUMNS FROM `sp_cart` [ RunTime:0.0609s ]
SQL: UPDATE `sp_cart` SET `cart_num`='1' WHERE ( cart_id=8 ) [ RunTime:0.0427s ]
SQL: SELECT SUM(c.cart_num * g.goods_price) AS tp_sum FROM sp_cart c left join sp_goods g on g.goods_id = c.cart_goods_id   WHERE ( c.cart_mem_id =5 ) LIMIT 1   [ RunTime:0.0007s ]
INFO: [ app_end ] --START--
INFO: Run Behavior\ShowPageTraceBehavior [ RunTime:0.002191s ]
INFO: [ app_end ] --END-- [ RunTime:0.002291s ]

[ 2017-06-28T15:48:09+08:00 ] 127.0.0.1 /index.php/Cart/changeNum.html
INFO: [ app_begin ] --START--
INFO: Run Behavior\ReadHtmlCacheBehavior [ RunTime:0.000452s ]
INFO: [ app_begin ] --END-- [ RunTime:0.000761s ]
SQL: SHOW COLUMNS FROM `sp_cart` [ RunTime:0.0458s ]
SQL: UPDATE `sp_cart` SET `cart_num`='2' WHERE ( cart_id=8 ) [ RunTime:0.0415s ]
SQL: SELECT SUM(c.cart_num * g.goods_price) AS tp_sum FROM sp_cart c left join sp_goods g on g.goods_id = c.cart_goods_id   WHERE ( c.cart_mem_id =5 ) LIMIT 1   [ RunTime:0.0009s ]
INFO: [ app_end ] --START--
INFO: Run Behavior\ShowPageTraceBehavior [ RunTime:0.003173s ]
INFO: [ app_end ] --END-- [ RunTime:0.003317s ]

[ 2017-06-28T15:54:47+08:00 ] 127.0.0.1 /index.php/Cart/changeNum.html
INFO: [ app_begin ] --START--
INFO: Run Behavior\ReadHtmlCacheBehavior [ RunTime:0.000446s ]
INFO: [ app_begin ] --END-- [ RunTime:0.000745s ]
SQL: SHOW COLUMNS FROM `sp_cart` [ RunTime:0.0790s ]
SQL: UPDATE `sp_cart` SET `cart_num`='2' WHERE ( cart_id=7 ) [ RunTime:0.0435s ]
SQL: SELECT SUM(c.cart_num * g.goods_price) AS tp_sum FROM sp_cart c left join sp_goods g on g.goods_id = c.cart_goods_id   WHERE ( c.cart_mem_id =5 ) LIMIT 1   [ RunTime:0.0012s ]
INFO: [ app_end ] --START--
INFO: Run Behavior\ShowPageTraceBehavior [ RunTime:0.004187s ]
INFO: [ app_end ] --END-- [ RunTime:0.004383s ]

[ 2017-06-28T15:55:46+08:00 ] 127.0.0.1 /index.php/Cart/changeNum.html
INFO: [ app_begin ] --START--
INFO: Run Behavior\ReadHtmlCacheBehavior [ RunTime:0.000444s ]
INFO: [ app_begin ] --END-- [ RunTime:0.000742s ]
SQL: SHOW COLUMNS FROM `sp_cart` [ RunTime:0.0475s ]
SQL: UPDATE `sp_cart` SET `cart_num`='1' WHERE ( cart_id=8 ) [ RunTime:0.0356s ]
SQL: SELECT SUM(c.cart_num * g.goods_price) AS tp_sum FROM sp_cart c left join sp_goods g on g.goods_id = c.cart_goods_id   WHERE ( c.cart_mem_id =5 ) LIMIT 1   [ RunTime:0.0006s ]
INFO: [ app_end ] --START--
INFO: Run Behavior\ShowPageTraceBehavior [ RunTime:0.002059s ]
INFO: [ app_end ] --END-- [ RunTime:0.002146s ]

[ 2017-06-28T15:55:50+08:00 ] 127.0.0.1 /index.php/Cart/changeNum.html
INFO: [ app_begin ] --START--
INFO: Run Behavior\ReadHtmlCacheBehavior [ RunTime:0.000452s ]
INFO: [ app_begin ] --END-- [ RunTime:0.000769s ]
SQL: SHOW COLUMNS FROM `sp_cart` [ RunTime:0.0437s ]
SQL: UPDATE `sp_cart` SET `cart_num`='2' WHERE ( cart_id=8 ) [ RunTime:0.0462s ]
SQL: SELECT SUM(c.cart_num * g.goods_price) AS tp_sum FROM sp_cart c left join sp_goods g on g.goods_id = c.cart_goods_id   WHERE ( c.cart_mem_id =5 ) LIMIT 1   [ RunTime:0.0011s ]
INFO: [ app_end ] --START--
INFO: Run Behavior\ShowPageTraceBehavior [ RunTime:0.003729s ]
INFO: [ app_end ] --END-- [ RunTime:0.003896s ]

[ 2017-06-28T16:02:31+08:00 ] 127.0.0.1 /index.php/Cart/changeNum.html
INFO: [ app_begin ] --START--
INFO: Run Behavior\ReadHtmlCacheBehavior [ RunTime:0.000469s ]
INFO: [ app_begin ] --END-- [ RunTime:0.000846s ]
SQL: SHOW COLUMNS FROM `sp_cart` [ RunTime:0.0501s ]
SQL: UPDATE `sp_cart` SET `cart_num`='2' WHERE ( cart_id=9 ) [ RunTime:0.0407s ]
SQL: SELECT SUM(c.cart_num * g.goods_price) AS tp_sum FROM sp_cart c left join sp_goods g on g.goods_id = c.cart_goods_id   WHERE ( c.cart_mem_id =5 ) LIMIT 1   [ RunTime:0.0009s ]
INFO: [ app_end ] --START--
INFO: Run Behavior\ShowPageTraceBehavior [ RunTime:0.003392s ]
INFO: [ app_end ] --END-- [ RunTime:0.003543s ]

[ 2017-06-28T16:02:41+08:00 ] 127.0.0.1 /index.php/Cart/changeNum.html
INFO: [ app_begin ] --START--
INFO: Run Behavior\ReadHtmlCacheBehavior [ RunTime:0.000446s ]
INFO: [ app_begin ] --END-- [ RunTime:0.000751s ]
SQL: SHOW COLUMNS FROM `sp_cart` [ RunTime:0.0999s ]
SQL: UPDATE `sp_cart` SET `cart_num`='2' WHERE ( cart_id=15 ) [ RunTime:0.0420s ]
SQL: SELECT SUM(c.cart_num * g.goods_price) AS tp_sum FROM sp_cart c left join sp_goods g on g.goods_id = c.cart_goods_id   WHERE ( c.cart_mem_id =5 ) LIMIT 1   [ RunTime:0.0011s ]
INFO: [ app_end ] --START--
INFO: Run Behavior\ShowPageTraceBehavior [ RunTime:0.003952s ]
INFO: [ app_end ] --END-- [ RunTime:0.004130s ]

[ 2017-06-28T16:02:44+08:00 ] 127.0.0.1 /index.php/Cart/changeNum.html
INFO: [ app_begin ] --START--
INFO: Run Behavior\ReadHtmlCacheBehavior [ RunTime:0.000476s ]
INFO: [ app_begin ] --END-- [ RunTime:0.000774s ]
SQL: SHOW COLUMNS FROM `sp_cart` [ RunTime:0.0498s ]
SQL: UPDATE `sp_cart` SET `cart_num`='1' WHERE ( cart_id=15 ) [ RunTime:0.0419s ]
SQL: SELECT SUM(c.cart_num * g.goods_price) AS tp_sum FROM sp_cart c left join sp_goods g on g.goods_id = c.cart_goods_id   WHERE ( c.cart_mem_id =5 ) LIMIT 1   [ RunTime:0.0005s ]
INFO: [ app_end ] --START--
INFO: Run Behavior\ShowPageTraceBehavior [ RunTime:0.001691s ]
INFO: [ app_end ] --END-- [ RunTime:0.001767s ]

[ 2017-06-28T16:02:51+08:00 ] 127.0.0.1 /index.php/Cart/changeNum.html
INFO: [ app_begin ] --START--
INFO: Run Behavior\ReadHtmlCacheBehavior [ RunTime:0.000476s ]
INFO: [ app_begin ] --END-- [ RunTime:0.000773s ]
SQL: SHOW COLUMNS FROM `sp_cart` [ RunTime:0.0800s ]
SQL: UPDATE `sp_cart` SET `cart_num`='1' WHERE ( cart_id=16 ) [ RunTime:0.0817s ]
SQL: SELECT SUM(c.cart_num * g.goods_price) AS tp_sum FROM sp_cart c left join sp_goods g on g.goods_id = c.cart_goods_id   WHERE ( c.cart_mem_id =5 ) LIMIT 1   [ RunTime:0.0003s ]
INFO: [ app_end ] --START--
INFO: Run Behavior\ShowPageTraceBehavior [ RunTime:0.000825s ]
INFO: [ app_end ] --END-- [ RunTime:0.000866s ]

[ 2017-06-28T16:02:56+08:00 ] 127.0.0.1 /index.php/Cart/changeNum.html
INFO: [ app_begin ] --START--
INFO: Run Behavior\ReadHtmlCacheBehavior [ RunTime:0.000503s ]
INFO: [ app_begin ] --END-- [ RunTime:0.001772s ]
SQL: SHOW COLUMNS FROM `sp_cart` [ RunTime:0.0171s ]
SQL: UPDATE `sp_cart` SET `cart_num`='1' WHERE ( cart_id=16 ) [ RunTime:0.0490s ]
INFO: [ app_end ] --START--
INFO: Run Behavior\ShowPageTraceBehavior [ RunTime:0.001198s ]
INFO: [ app_end ] --END-- [ RunTime:0.001262s ]

[ 2017-06-28T16:02:57+08:00 ] 127.0.0.1 /index.php/Cart/changeNum.html
INFO: [ app_begin ] --START--
INFO: Run Behavior\ReadHtmlCacheBehavior [ RunTime:0.000651s ]
INFO: [ app_begin ] --END-- [ RunTime:0.001018s ]
SQL: SHOW COLUMNS FROM `sp_cart` [ RunTime:0.0442s ]
SQL: UPDATE `sp_cart` SET `cart_num`='2' WHERE ( cart_id=16 ) [ RunTime:0.0389s ]
SQL: SELECT SUM(c.cart_num * g.goods_price) AS tp_sum FROM sp_cart c left join sp_goods g on g.goods_id = c.cart_goods_id   WHERE ( c.cart_mem_id =5 ) LIMIT 1   [ RunTime:0.0006s ]
INFO: [ app_end ] --START--
INFO: Run Behavior\ShowPageTraceBehavior [ RunTime:0.001875s ]
INFO: [ app_end ] --END-- [ RunTime:0.001961s ]

[ 2017-06-28T16:03:00+08:00 ] 127.0.0.1 /index.php/Cart/changeNum.html
INFO: [ app_begin ] --START--
INFO: Run Behavior\ReadHtmlCacheBehavior [ RunTime:0.000443s ]
INFO: [ app_begin ] --END-- [ RunTime:0.000742s ]
SQL: SHOW COLUMNS FROM `sp_cart` [ RunTime:0.0573s ]
SQL: UPDATE `sp_cart` SET `cart_num`='3' WHERE ( cart_id=16 ) [ RunTime:0.0394s ]
SQL: SELECT SUM(c.cart_num * g.goods_price) AS tp_sum FROM sp_cart c left join sp_goods g on g.goods_id = c.cart_goods_id   WHERE ( c.cart_mem_id =5 ) LIMIT 1   [ RunTime:0.0007s ]
INFO: [ app_end ] --START--
INFO: Run Behavior\ShowPageTraceBehavior [ RunTime:0.002231s ]
INFO: [ app_end ] --END-- [ RunTime:0.002333s ]

[ 2017-06-28T16:03:03+08:00 ] 127.0.0.1 /index.php/Cart/changeNum.html
INFO: [ app_begin ] --START--
INFO: Run Behavior\ReadHtmlCacheBehavior [ RunTime:0.000627s ]
INFO: [ app_begin ] --END-- [ RunTime:0.001077s ]
SQL: SHOW COLUMNS FROM `sp_cart` [ RunTime:0.0555s ]
SQL: UPDATE `sp_cart` SET `cart_num`='2' WHERE ( cart_id=15 ) [ RunTime:0.0407s ]
SQL: SELECT SUM(c.cart_num * g.goods_price) AS tp_sum FROM sp_cart c left join sp_goods g on g.goods_id = c.cart_goods_id   WHERE ( c.cart_mem_id =5 ) LIMIT 1   [ RunTime:0.0007s ]
INFO: [ app_end ] --START--
INFO: Run Behavior\ShowPageTraceBehavior [ RunTime:0.002406s ]
INFO: [ app_end ] --END-- [ RunTime:0.002539s ]

[ 2017-06-28T16:03:07+08:00 ] 127.0.0.1 /index.php/Cart/changeNum.html
INFO: [ app_begin ] --START--
INFO: Run Behavior\ReadHtmlCacheBehavior [ RunTime:0.000454s ]
INFO: [ app_begin ] --END-- [ RunTime:0.000858s ]
SQL: SHOW COLUMNS FROM `sp_cart` [ RunTime:0.0402s ]
SQL: UPDATE `sp_cart` SET `cart_num`='2' WHERE ( cart_id=16 ) [ RunTime:0.0428s ]
SQL: SELECT SUM(c.cart_num * g.goods_price) AS tp_sum FROM sp_cart c left join sp_goods g on g.goods_id = c.cart_goods_id   WHERE ( c.cart_mem_id =5 ) LIMIT 1   [ RunTime:0.0010s ]
INFO: [ app_end ] --START--
INFO: Run Behavior\ShowPageTraceBehavior [ RunTime:0.003510s ]
INFO: [ app_end ] --END-- [ RunTime:0.003660s ]

[ 2017-06-28T16:03:10+08:00 ] 127.0.0.1 /index.php/Cart/changeNum.html
INFO: [ app_begin ] --START--
INFO: Run Behavior\ReadHtmlCacheBehavior [ RunTime:0.000443s ]
INFO: [ app_begin ] --END-- [ RunTime:0.000807s ]
SQL: SHOW COLUMNS FROM `sp_cart` [ RunTime:0.0680s ]
SQL: UPDATE `sp_cart` SET `cart_num`='1' WHERE ( cart_id=15 ) [ RunTime:0.0439s ]
SQL: SELECT SUM(c.cart_num * g.goods_price) AS tp_sum FROM sp_cart c left join sp_goods g on g.goods_id = c.cart_goods_id   WHERE ( c.cart_mem_id =5 ) LIMIT 1   [ RunTime:0.0012s ]
INFO: [ app_end ] --START--
INFO: Run Behavior\ShowPageTraceBehavior [ RunTime:0.003820s ]
INFO: [ app_end ] --END-- [ RunTime:0.003993s ]

[ 2017-06-28T16:03:13+08:00 ] 127.0.0.1 /index.php/Cart/changeNum.html
INFO: [ app_begin ] --START--
INFO: Run Behavior\ReadHtmlCacheBehavior [ RunTime:0.000442s ]
INFO: [ app_begin ] --END-- [ RunTime:0.000799s ]
SQL: SHOW COLUMNS FROM `sp_cart` [ RunTime:0.0469s ]
SQL: UPDATE `sp_cart` SET `cart_num`='1' WHERE ( cart_id=16 ) [ RunTime:0.0430s ]
SQL: SELECT SUM(c.cart_num * g.goods_price) AS tp_sum FROM sp_cart c left join sp_goods g on g.goods_id = c.cart_goods_id   WHERE ( c.cart_mem_id =5 ) LIMIT 1   [ RunTime:0.0009s ]
INFO: [ app_end ] --START--
INFO: Run Behavior\ShowPageTraceBehavior [ RunTime:0.003594s ]
INFO: [ app_end ] --END-- [ RunTime:0.003747s ]

[ 2017-06-28T16:03:33+08:00 ] 127.0.0.1 /index.php/Cart/changeNum.html
INFO: [ app_begin ] --START--
INFO: Run Behavior\ReadHtmlCacheBehavior [ RunTime:0.000444s ]
INFO: [ app_begin ] --END-- [ RunTime:0.000804s ]
SQL: SHOW COLUMNS FROM `sp_cart` [ RunTime:0.0513s ]
SQL: UPDATE `sp_cart` SET `cart_num`='2' WHERE ( cart_id=13 ) [ RunTime:0.0422s ]
SQL: SELECT SUM(c.cart_num * g.goods_price) AS tp_sum FROM sp_cart c left join sp_goods g on g.goods_id = c.cart_goods_id   WHERE ( c.cart_mem_id =5 ) LIMIT 1   [ RunTime:0.0006s ]
INFO: [ app_end ] --START--
INFO: Run Behavior\ShowPageTraceBehavior [ RunTime:0.002183s ]
INFO: [ app_end ] --END-- [ RunTime:0.002283s ]

[ 2017-06-28T16:03:36+08:00 ] 127.0.0.1 /index.php/Cart/changeNum.html
INFO: [ app_begin ] --START--
INFO: Run Behavior\ReadHtmlCacheBehavior [ RunTime:0.000608s ]
INFO: [ app_begin ] --END-- [ RunTime:0.001168s ]
SQL: SHOW COLUMNS FROM `sp_cart` [ RunTime:0.1033s ]
SQL: UPDATE `sp_cart` SET `cart_num`='1' WHERE ( cart_id=13 ) [ RunTime:0.0431s ]
SQL: SELECT SUM(c.cart_num * g.goods_price) AS tp_sum FROM sp_cart c left join sp_goods g on g.goods_id = c.cart_goods_id   WHERE ( c.cart_mem_id =5 ) LIMIT 1   [ RunTime:0.0009s ]
INFO: [ app_end ] --START--
INFO: Run Behavior\ShowPageTraceBehavior [ RunTime:0.003220s ]
INFO: [ app_end ] --END-- [ RunTime:0.003369s ]

[ 2017-06-28T16:04:52+08:00 ] 127.0.0.1 /index.php/Cart/changeNum.html
INFO: [ app_begin ] --START--
INFO: Run Behavior\ReadHtmlCacheBehavior [ RunTime:0.000450s ]
INFO: [ app_begin ] --END-- [ RunTime:0.000840s ]
SQL: SHOW COLUMNS FROM `sp_cart` [ RunTime:0.0717s ]
SQL: UPDATE `sp_cart` SET `cart_num`='1' WHERE ( cart_id=11 ) [ RunTime:0.0425s ]
SQL: SELECT SUM(c.cart_num * g.goods_price) AS tp_sum FROM sp_cart c left join sp_goods g on g.goods_id = c.cart_goods_id   WHERE ( c.cart_mem_id =5 ) LIMIT 1   [ RunTime:0.0005s ]
INFO: [ app_end ] --START--
INFO: Run Behavior\ShowPageTraceBehavior [ RunTime:0.002205s ]
INFO: [ app_end ] --END-- [ RunTime:0.002302s ]

[ 2017-06-28T16:04:55+08:00 ] 127.0.0.1 /index.php/Cart/changeNum.html
INFO: [ app_begin ] --START--
INFO: Run Behavior\ReadHtmlCacheBehavior [ RunTime:0.000480s ]
INFO: [ app_begin ] --END-- [ RunTime:0.000840s ]
SQL: SHOW COLUMNS FROM `sp_cart` [ RunTime:0.0720s ]
SQL: UPDATE `sp_cart` SET `cart_num`='2' WHERE ( cart_id=11 ) [ RunTime:0.0424s ]
SQL: SELECT SUM(c.cart_num * g.goods_price) AS tp_sum FROM sp_cart c left join sp_goods g on g.goods_id = c.cart_goods_id   WHERE ( c.cart_mem_id =5 ) LIMIT 1   [ RunTime:0.0011s ]
INFO: [ app_end ] --START--
INFO: Run Behavior\ShowPageTraceBehavior [ RunTime:0.003659s ]
INFO: [ app_end ] --END-- [ RunTime:0.003826s ]

[ 2017-06-28T20:25:48+08:00 ] 127.0.0.1 /index.php/Cart/getP.html
INFO: [ app_begin ] --START--
INFO: Run Behavior\ReadHtmlCacheBehavior [ RunTime:0.000602s ]
INFO: [ app_begin ] --END-- [ RunTime:0.001070s ]
SQL: SHOW COLUMNS FROM `sp_cate` [ RunTime:0.0339s ]
SQL: SELECT * FROM `sp_cate`  [ RunTime:0.0014s ]
ERR: 非法操作:getP

[ 2017-06-28T20:58:55+08:00 ] 127.0.0.1 /index.php/Cart/getarea.html
INFO: [ app_begin ] --START--
INFO: Run Behavior\ReadHtmlCacheBehavior [ RunTime:0.000450s ]
INFO: [ app_begin ] --END-- [ RunTime:0.000821s ]
SQL: SHOW COLUMNS FROM `sp_cate` [ RunTime:0.0336s ]
SQL: SELECT * FROM `sp_cate`  [ RunTime:0.0008s ]
SQL: SHOW COLUMNS FROM `sp_region` [ RunTime:0.0090s ]
SQL: SELECT * FROM `sp_region` WHERE ( parent_id=19 )  [ RunTime:0.0581s ]
INFO: [ app_end ] --START--
INFO: Run Behavior\ShowPageTraceBehavior [ RunTime:0.001119s ]
INFO: [ app_end ] --END-- [ RunTime:0.001171s ]

[ 2017-06-28T21:14:51+08:00 ] 127.0.0.1 /index.php/Cart/getarea.html
INFO: [ app_begin ] --START--
INFO: Run Behavior\ReadHtmlCacheBehavior [ RunTime:0.000455s ]
INFO: [ app_begin ] --END-- [ RunTime:0.000759s ]
SQL: SHOW COLUMNS FROM `sp_cate` [ RunTime:0.0571s ]
SQL: SELECT * FROM `sp_cate`  [ RunTime:0.0018s ]
SQL: SHOW COLUMNS FROM `sp_region` [ RunTime:0.0337s ]
SQL: SELECT * FROM `sp_region` WHERE ( parent_id=1 )  [ RunTime:0.0004s ]
INFO: [ app_end ] --START--
INFO: Run Behavior\ShowPageTraceBehavior [ RunTime:0.000864s ]
INFO: [ app_end ] --END-- [ RunTime:0.000907s ]

[ 2017-06-28T21:14:57+08:00 ] 127.0.0.1 /index.php/Cart/getarea.html
INFO: [ app_begin ] --START--
INFO: Run Behavior\ReadHtmlCacheBehavior [ RunTime:0.000466s ]
INFO: [ app_begin ] --END-- [ RunTime:0.000770s ]
SQL: SHOW COLUMNS FROM `sp_cate` [ RunTime:0.0415s ]
SQL: SELECT * FROM `sp_cate`  [ RunTime:0.0015s ]
SQL: SHOW COLUMNS FROM `sp_region` [ RunTime:0.0270s ]
SQL: SELECT * FROM `sp_region` WHERE ( parent_id=37 )  [ RunTime:0.0004s ]
INFO: [ app_end ] --START--
INFO: Run Behavior\ShowPageTraceBehavior [ RunTime:0.000765s ]
INFO: [ app_end ] --END-- [ RunTime:0.000803s ]

[ 2017-06-28T21:21:56+08:00 ] 127.0.0.1 /index.php/Cart/getarea.html
INFO: [ app_begin ] --START--
INFO: Run Behavior\ReadHtmlCacheBehavior [ RunTime:0.000454s ]
INFO: [ app_begin ] --END-- [ RunTime:0.000754s ]
SQL: SHOW COLUMNS FROM `sp_cate` [ RunTime:0.0339s ]
SQL: SELECT * FROM `sp_cate`  [ RunTime:0.0016s ]
SQL: SHOW COLUMNS FROM `sp_region` [ RunTime:0.0101s ]
SQL: SELECT * FROM `sp_region` WHERE ( parent_id=19 )  [ RunTime:0.0003s ]
INFO: [ app_end ] --START--
INFO: Run Behavior\ShowPageTraceBehavior [ RunTime:0.000795s ]
INFO: [ app_end ] --END-- [ RunTime:0.000829s ]

[ 2017-06-28T21:22:18+08:00 ] 127.0.0.1 /index.php/Cart/getarea.html
INFO: [ app_begin ] --START--
INFO: Run Behavior\ReadHtmlCacheBehavior [ RunTime:0.000454s ]
INFO: [ app_begin ] --END-- [ RunTime:0.000770s ]
SQL: SHOW COLUMNS FROM `sp_cate` [ RunTime:0.0448s ]
SQL: SELECT * FROM `sp_cate`  [ RunTime:0.0010s ]
SQL: SHOW COLUMNS FROM `sp_region` [ RunTime:0.0262s ]
SQL: SELECT * FROM `sp_region` WHERE ( parent_id=374 )  [ RunTime:0.0005s ]
INFO: [ app_end ] --START--
INFO: Run Behavior\ShowPageTraceBehavior [ RunTime:0.001133s ]
INFO: [ app_end ] --END-- [ RunTime:0.001205s ]

[ 2017-06-28T21:22:24+08:00 ] 127.0.0.1 /index.php/Cart/getarea.html
INFO: [ app_begin ] --START--
INFO: Run Behavior\ReadHtmlCacheBehavior [ RunTime:0.000447s ]
INFO: [ app_begin ] --END-- [ RunTime:0.000749s ]
SQL: SHOW COLUMNS FROM `sp_cate` [ RunTime:0.0261s ]
SQL: SELECT * FROM `sp_cate`  [ RunTime:0.0008s ]
SQL: SHOW COLUMNS FROM `sp_region` [ RunTime:0.0109s ]
SQL: SELECT * FROM `sp_region` WHERE ( parent_id=375 )  [ RunTime:0.0004s ]
INFO: [ app_end ] --START--
INFO: Run Behavior\ShowPageTraceBehavior [ RunTime:0.000778s ]
INFO: [ app_end ] --END-- [ RunTime:0.000828s ]

[ 2017-06-28T21:22:28+08:00 ] 127.0.0.1 /index.php/Cart/getarea.html
INFO: [ app_begin ] --START--
INFO: Run Behavior\ReadHtmlCacheBehavior [ RunTime:0.000452s ]
INFO: [ app_begin ] --END-- [ RunTime:0.000753s ]
SQL: SHOW COLUMNS FROM `sp_cate` [ RunTime:0.0274s ]
SQL: SELECT * FROM `sp_cate`  [ RunTime:0.0010s ]
SQL: SHOW COLUMNS FROM `sp_region` [ RunTime:0.0106s ]
SQL: SELECT * FROM `sp_region` WHERE ( parent_id=386 )  [ RunTime:0.0004s ]
INFO: [ app_end ] --START--
INFO: Run Behavior\ShowPageTraceBehavior [ RunTime:0.000831s ]
INFO: [ app_end ] --END-- [ RunTime:0.000872s ]

[ 2017-06-28T21:22:34+08:00 ] 127.0.0.1 /index.php/Cart/getarea.html
INFO: [ app_begin ] --START--
INFO: Run Behavior\ReadHtmlCacheBehavior [ RunTime:0.000449s ]
INFO: [ app_begin ] --END-- [ RunTime:0.000754s ]
SQL: SHOW COLUMNS FROM `sp_cate` [ RunTime:0.0288s ]
SQL: SELECT * FROM `sp_cate`  [ RunTime:0.0011s ]
SQL: SHOW COLUMNS FROM `sp_region` [ RunTime:0.0101s ]
SQL: SELECT * FROM `sp_region` WHERE ( parent_id=232 )  [ RunTime:0.0004s ]
INFO: [ app_end ] --START--
INFO: Run Behavior\ShowPageTraceBehavior [ RunTime:0.000844s ]
INFO: [ app_end ] --END-- [ RunTime:0.000886s ]

[ 2017-06-28T21:24:34+08:00 ] 127.0.0.1 /index.php/Cart/getarea.html
INFO: [ app_begin ] --START--
INFO: Run Behavior\ReadHtmlCacheBehavior [ RunTime:0.000454s ]
INFO: [ app_begin ] --END-- [ RunTime:0.000767s ]
SQL: SHOW COLUMNS FROM `sp_cate` [ RunTime:0.0489s ]
SQL: SELECT * FROM `sp_cate`  [ RunTime:0.0005s ]
SQL: SHOW COLUMNS FROM `sp_region` [ RunTime:0.0115s ]
SQL: SELECT * FROM `sp_region` WHERE ( parent_id=1849 )  [ RunTime:0.0004s ]
INFO: [ app_end ] --START--
INFO: Run Behavior\ShowPageTraceBehavior [ RunTime:0.000782s ]
INFO: [ app_end ] --END-- [ RunTime:0.000816s ]

[ 2017-06-28T21:24:38+08:00 ] 127.0.0.1 /index.php/Cart/getarea.html
INFO: [ app_begin ] --START--
INFO: Run Behavior\ReadHtmlCacheBehavior [ RunTime:0.000495s ]
INFO: [ app_begin ] --END-- [ RunTime:0.000899s ]
SQL: SHOW COLUMNS FROM `sp_cate` [ RunTime:0.0338s ]
SQL: SELECT * FROM `sp_cate`  [ RunTime:0.0009s ]
SQL: SHOW COLUMNS FROM `sp_region` [ RunTime:0.0097s ]
SQL: SELECT * FROM `sp_region` WHERE ( parent_id=1865 )  [ RunTime:0.0004s ]
INFO: [ app_end ] --START--
INFO: Run Behavior\ShowPageTraceBehavior [ RunTime:0.000776s ]
INFO: [ app_end ] --END-- [ RunTime:0.000811s ]

[ 2017-06-28T21:24:49+08:00 ] 127.0.0.1 /index.php/Cart/getarea.html
INFO: [ app_begin ] --START--
INFO: Run Behavior\ReadHtmlCacheBehavior [ RunTime:0.000454s ]
INFO: [ app_begin ] --END-- [ RunTime:0.000768s ]
SQL: SHOW COLUMNS FROM `sp_cate` [ RunTime:0.0312s ]
SQL: SELECT * FROM `sp_cate`  [ RunTime:0.0012s ]
SQL: SHOW COLUMNS FROM `sp_region` [ RunTime:0.0264s ]
SQL: SELECT * FROM `sp_region` WHERE ( parent_id=498 )  [ RunTime:0.0004s ]
INFO: [ app_end ] --START--
INFO: Run Behavior\ShowPageTraceBehavior [ RunTime:0.000761s ]
INFO: [ app_end ] --END-- [ RunTime:0.000797s ]

[ 2017-06-28T21:24:54+08:00 ] 127.0.0.1 /index.php/Cart/getarea.html
INFO: [ app_begin ] --START--
INFO: Run Behavior\ReadHtmlCacheBehavior [ RunTime:0.000492s ]
INFO: [ app_begin ] --END-- [ RunTime:0.000881s ]
SQL: SHOW COLUMNS FROM `sp_cate` [ RunTime:0.0351s ]
SQL: SELECT * FROM `sp_cate`  [ RunTime:0.0008s ]
SQL: SHOW COLUMNS FROM `sp_region` [ RunTime:0.0130s ]
SQL: SELECT * FROM `sp_region` WHERE ( parent_id=514 )  [ RunTime:0.0004s ]
INFO: [ app_end ] --START--
INFO: Run Behavior\ShowPageTraceBehavior [ RunTime:0.000813s ]
INFO: [ app_end ] --END-- [ RunTime:0.000850s ]

[ 2017-06-28T21:25:02+08:00 ] 127.0.0.1 /index.php/Cart/getarea.html
INFO: [ app_begin ] --START--
INFO: Run Behavior\ReadHtmlCacheBehavior [ RunTime:0.000454s ]
INFO: [ app_begin ] --END-- [ RunTime:0.000770s ]
SQL: SHOW COLUMNS FROM `sp_cate` [ RunTime:0.0307s ]
SQL: SELECT * FROM `sp_cate`  [ RunTime:0.0008s ]
SQL: SHOW COLUMNS FROM `sp_region` [ RunTime:0.0122s ]
ERR: SQLSTATE[42000]: Syntax error or access violation: 1064 You have an error in your SQL syntax; check the manual that corresponds to your MySQL server version for the right syntax to use near ')' at line 1

[ 2017-06-28T21:34:45+08:00 ] 127.0.0.1 /index.php/Cart/getarea.html
INFO: [ app_begin ] --START--
INFO: Run Behavior\ReadHtmlCacheBehavior [ RunTime:0.000492s ]
INFO: [ app_begin ] --END-- [ RunTime:0.000936s ]
SQL: SHOW COLUMNS FROM `sp_cate` [ RunTime:0.0397s ]
SQL: SELECT * FROM `sp_cate`  [ RunTime:0.0006s ]
SQL: SHOW COLUMNS FROM `sp_region` [ RunTime:0.0098s ]
SQL: SELECT * FROM `sp_region` WHERE ( parent_id=19 )  [ RunTime:0.0003s ]
INFO: [ app_end ] --START--
INFO: Run Behavior\ShowPageTraceBehavior [ RunTime:0.001072s ]
INFO: [ app_end ] --END-- [ RunTime:0.001146s ]

[ 2017-06-28T21:34:51+08:00 ] 127.0.0.1 /index.php/Cart/getarea.html
INFO: [ app_begin ] --START--
INFO: Run Behavior\ReadHtmlCacheBehavior [ RunTime:0.000493s ]
INFO: [ app_begin ] --END-- [ RunTime:0.001002s ]
SQL: SHOW COLUMNS FROM `sp_cate` [ RunTime:0.0632s ]
SQL: SELECT * FROM `sp_cate`  [ RunTime:0.0010s ]
SQL: SHOW COLUMNS FROM `sp_region` [ RunTime:0.0107s ]
SQL: SELECT * FROM `sp_region` WHERE ( parent_id=1849 )  [ RunTime:0.0006s ]
INFO: [ app_end ] --START--
INFO: Run Behavior\ShowPageTraceBehavior [ RunTime:0.000848s ]
INFO: [ app_end ] --END-- [ RunTime:0.000884s ]

[ 2017-06-28T21:34:57+08:00 ] 127.0.0.1 /index.php/Cart/getarea.html
INFO: [ app_begin ] --START--
INFO: Run Behavior\ReadHtmlCacheBehavior [ RunTime:0.000534s ]
INFO: [ app_begin ] --END-- [ RunTime:0.000942s ]
SQL: SHOW COLUMNS FROM `sp_cate` [ RunTime:0.0238s ]
SQL: SELECT * FROM `sp_cate`  [ RunTime:0.0007s ]
SQL: SHOW COLUMNS FROM `sp_region` [ RunTime:0.0096s ]
SQL: SELECT * FROM `sp_region` WHERE ( parent_id=1940 )  [ RunTime:0.0004s ]
INFO: [ app_end ] --START--
INFO: Run Behavior\ShowPageTraceBehavior [ RunTime:0.000840s ]
INFO: [ app_end ] --END-- [ RunTime:0.000875s ]

[ 2017-06-28T21:55:46+08:00 ] 127.0.0.1 /index.php/Cart/getarea.html
INFO: [ app_begin ] --START--
INFO: Run Behavior\ReadHtmlCacheBehavior [ RunTime:0.000542s ]
INFO: [ app_begin ] --END-- [ RunTime:0.000906s ]
SQL: SHOW COLUMNS FROM `sp_cate` [ RunTime:0.0144s ]
SQL: SELECT * FROM `sp_cate`  [ RunTime:0.0005s ]
SQL: SHOW COLUMNS FROM `sp_region` [ RunTime:0.0099s ]
SQL: SELECT * FROM `sp_region` WHERE ( parent_id=1849 )  [ RunTime:0.0007s ]
INFO: [ app_end ] --START--
INFO: Run Behavior\ShowPageTraceBehavior [ RunTime:0.000843s ]
INFO: [ app_end ] --END-- [ RunTime:0.000886s ]

[ 2017-06-28T21:55:49+08:00 ] 127.0.0.1 /index.php/Cart/getarea.html
INFO: [ app_begin ] --START--
INFO: Run Behavior\ReadHtmlCacheBehavior [ RunTime:0.000509s ]
INFO: [ app_begin ] --END-- [ RunTime:0.000976s ]
SQL: SHOW COLUMNS FROM `sp_cate` [ RunTime:0.0253s ]
SQL: SELECT * FROM `sp_cate`  [ RunTime:0.0011s ]
SQL: SHOW COLUMNS FROM `sp_region` [ RunTime:0.0307s ]
SQL: SELECT * FROM `sp_region` WHERE ( parent_id=1850 )  [ RunTime:0.0004s ]
INFO: [ app_end ] --START--
INFO: Run Behavior\ShowPageTraceBehavior [ RunTime:0.000774s ]
INFO: [ app_end ] --END-- [ RunTime:0.000807s ]

[ 2017-06-28T22:17:02+08:00 ] 127.0.0.1 /index.php/Cart/getarea.html
INFO: [ app_begin ] --START--
INFO: Run Behavior\ReadHtmlCacheBehavior [ RunTime:0.000670s ]
INFO: [ app_begin ] --END-- [ RunTime:0.001067s ]
SQL: SHOW COLUMNS FROM `sp_cate` [ RunTime:0.0173s ]
SQL: SELECT * FROM `sp_cate`  [ RunTime:0.0006s ]
SQL: SHOW COLUMNS FROM `sp_region` [ RunTime:0.0094s ]
SQL: SELECT * FROM `sp_region` WHERE ( parent_id=878 )  [ RunTime:0.0004s ]
INFO: [ app_end ] --START--
INFO: Run Behavior\ShowPageTraceBehavior [ RunTime:0.000856s ]
INFO: [ app_end ] --END-- [ RunTime:0.000895s ]

[ 2017-06-28T22:17:05+08:00 ] 127.0.0.1 /index.php/Cart/getarea.html
INFO: [ app_begin ] --START--
INFO: Run Behavior\ReadHtmlCacheBehavior [ RunTime:0.000487s ]
INFO: [ app_begin ] --END-- [ RunTime:0.000852s ]
SQL: SHOW COLUMNS FROM `sp_cate` [ RunTime:0.0394s ]
SQL: SELECT * FROM `sp_cate`  [ RunTime:0.0013s ]
SQL: SHOW COLUMNS FROM `sp_region` [ RunTime:0.0129s ]
SQL: SELECT * FROM `sp_region` WHERE ( parent_id=923 )  [ RunTime:0.0004s ]
INFO: [ app_end ] --START--
INFO: Run Behavior\ShowPageTraceBehavior [ RunTime:0.000811s ]
INFO: [ app_end ] --END-- [ RunTime:0.000852s ]

[ 2017-06-28T22:19:36+08:00 ] 127.0.0.1 /index.php/Cart/getarea.html
INFO: [ app_begin ] --START--
INFO: Run Behavior\ReadHtmlCacheBehavior [ RunTime:0.000443s ]
INFO: [ app_begin ] --END-- [ RunTime:0.000804s ]
SQL: SHOW COLUMNS FROM `sp_cate` [ RunTime:0.0343s ]
SQL: SELECT * FROM `sp_cate`  [ RunTime:0.0010s ]
SQL: SHOW COLUMNS FROM `sp_region` [ RunTime:0.0092s ]
SQL: SELECT * FROM `sp_region` WHERE ( parent_id=19 )  [ RunTime:0.0003s ]
INFO: [ app_end ] --START--
INFO: Run Behavior\ShowPageTraceBehavior [ RunTime:0.000775s ]
INFO: [ app_end ] --END-- [ RunTime:0.000810s ]

[ 2017-06-28T22:19:40+08:00 ] 127.0.0.1 /index.php/Cart/getarea.html
INFO: [ app_begin ] --START--
INFO: Run Behavior\ReadHtmlCacheBehavior [ RunTime:0.000549s ]
INFO: [ app_begin ] --END-- [ RunTime:0.000994s ]
SQL: SHOW COLUMNS FROM `sp_cate` [ RunTime:0.0287s ]
SQL: SELECT * FROM `sp_cate`  [ RunTime:0.0011s ]
SQL: SHOW COLUMNS FROM `sp_region` [ RunTime:0.0272s ]
SQL: SELECT * FROM `sp_region` WHERE ( parent_id=232 )  [ RunTime:0.0004s ]
INFO: [ app_end ] --START--
INFO: Run Behavior\ShowPageTraceBehavior [ RunTime:0.000843s ]
INFO: [ app_end ] --END-- [ RunTime:0.000886s ]

[ 2017-06-28T22:19:43+08:00 ] 127.0.0.1 /index.php/Cart/getarea.html
INFO: [ app_begin ] --START--
INFO: Run Behavior\ReadHtmlCacheBehavior [ RunTime:0.000444s ]
INFO: [ app_begin ] --END-- [ RunTime:0.000800s ]
SQL: SHOW COLUMNS FROM `sp_cate` [ RunTime:0.0300s ]
SQL: SELECT * FROM `sp_cate`  [ RunTime:0.0009s ]
SQL: SHOW COLUMNS FROM `sp_region` [ RunTime:0.0090s ]
SQL: SELECT * FROM `sp_region` WHERE ( parent_id=233 )  [ RunTime:0.0004s ]
INFO: [ app_end ] --START--
INFO: Run Behavior\ShowPageTraceBehavior [ RunTime:0.000766s ]
INFO: [ app_end ] --END-- [ RunTime:0.000801s ]

[ 2017-06-28T22:19:48+08:00 ] 127.0.0.1 /index.php/Cart/getarea.html
INFO: [ app_begin ] --START--
INFO: Run Behavior\ReadHtmlCacheBehavior [ RunTime:0.000482s ]
INFO: [ app_begin ] --END-- [ RunTime:0.001040s ]
SQL: SHOW COLUMNS FROM `sp_cate` [ RunTime:0.0325s ]
SQL: SELECT * FROM `sp_cate`  [ RunTime:0.0005s ]
SQL: SHOW COLUMNS FROM `sp_region` [ RunTime:0.0094s ]
SQL: SELECT * FROM `sp_region` WHERE ( parent_id=1849 )  [ RunTime:0.0005s ]
INFO: [ app_end ] --START--
INFO: Run Behavior\ShowPageTraceBehavior [ RunTime:0.000812s ]
INFO: [ app_end ] --END-- [ RunTime:0.000860s ]

[ 2017-06-28T22:19:51+08:00 ] 127.0.0.1 /index.php/Cart/getarea.html
INFO: [ app_begin ] --START--
INFO: Run Behavior\ReadHtmlCacheBehavior [ RunTime:0.000445s ]
INFO: [ app_begin ] --END-- [ RunTime:0.000808s ]
SQL: SHOW COLUMNS FROM `sp_cate` [ RunTime:0.0925s ]
SQL: SELECT * FROM `sp_cate`  [ RunTime:0.0021s ]
SQL: SHOW COLUMNS FROM `sp_region` [ RunTime:0.0092s ]
SQL: SELECT * FROM `sp_region` WHERE ( parent_id=1850 )  [ RunTime:0.0004s ]
INFO: [ app_end ] --START--
INFO: Run Behavior\ShowPageTraceBehavior [ RunTime:0.000760s ]
INFO: [ app_end ] --END-- [ RunTime:0.000800s ]

