[ 2017-06-22T00:00:54+08:00 ] 127.0.0.1 /index.php/Admin/Goods/getCate.html
INFO: [ app_begin ] --START--
INFO: Run Behavior\ReadHtmlCacheBehavior [ RunTime:0.000865s ]
INFO: [ app_begin ] --END-- [ RunTime:0.001253s ]
SQL: SHOW COLUMNS FROM `sp_cate` [ RunTime:0.0152s ]
SQL: SELECT * FROM `sp_cate` WHERE ( cate_pid=3 )  [ RunTime:0.0003s ]
INFO: [ app_end ] --START--
INFO: Run Behavior\ShowPageTraceBehavior [ RunTime:0.000995s ]
INFO: [ app_end ] --END-- [ RunTime:0.001030s ]

[ 2017-06-22T00:00:57+08:00 ] 127.0.0.1 /index.php/Admin/Goods/getCate.html
INFO: [ app_begin ] --START--
INFO: Run Behavior\ReadHtmlCacheBehavior [ RunTime:0.001116s ]
INFO: [ app_begin ] --END-- [ RunTime:0.001542s ]
SQL: SHOW COLUMNS FROM `sp_cate` [ RunTime:0.0271s ]
SQL: SELECT * FROM `sp_cate` WHERE ( cate_pid=35 )  [ RunTime:0.0003s ]
INFO: [ app_end ] --START--
INFO: Run Behavior\ShowPageTraceBehavior [ RunTime:0.001043s ]
INFO: [ app_end ] --END-- [ RunTime:0.001503s ]

[ 2017-06-22T00:00:59+08:00 ] 127.0.0.1 /index.php/Admin/Goods/getAttr.html
INFO: [ app_begin ] --START--
INFO: Run Behavior\ReadHtmlCacheBehavior [ RunTime:0.000880s ]
INFO: [ app_begin ] --END-- [ RunTime:0.001239s ]
SQL: SHOW COLUMNS FROM `sp_attribute` [ RunTime:0.0656s ]
SQL: SELECT * FROM `sp_attribute` WHERE ( attr_cate_id=55 )  [ RunTime:0.0003s ]
INFO: [ app_end ] --START--
INFO: Run Behavior\ShowPageTraceBehavior [ RunTime:0.001079s ]
INFO: [ app_end ] --END-- [ RunTime:0.001117s ]

[ 2017-06-22T00:01:44+08:00 ] 127.0.0.1 /index.php/Admin/Goods/getCate.html
INFO: [ app_begin ] --START--
INFO: Run Behavior\ReadHtmlCacheBehavior [ RunTime:0.000862s ]
INFO: [ app_begin ] --END-- [ RunTime:0.001255s ]
SQL: SHOW COLUMNS FROM `sp_cate` [ RunTime:0.0386s ]
SQL: SELECT * FROM `sp_cate` WHERE ( cate_pid=3 )  [ RunTime:0.0010s ]
INFO: [ app_end ] --START--
INFO: Run Behavior\ShowPageTraceBehavior [ RunTime:0.003061s ]
INFO: [ app_end ] --END-- [ RunTime:0.003181s ]

[ 2017-06-22T00:01:46+08:00 ] 127.0.0.1 /index.php/Admin/Goods/getCate.html
INFO: [ app_begin ] --START--
INFO: Run Behavior\ReadHtmlCacheBehavior [ RunTime:0.001316s ]
INFO: [ app_begin ] --END-- [ RunTime:0.001817s ]
SQL: SHOW COLUMNS FROM `sp_cate` [ RunTime:0.0419s ]
SQL: SELECT * FROM `sp_cate` WHERE ( cate_pid=35 )  [ RunTime:0.0003s ]
INFO: [ app_end ] --START--
INFO: Run Behavior\ShowPageTraceBehavior [ RunTime:0.001268s ]
INFO: [ app_end ] --END-- [ RunTime:0.001311s ]

[ 2017-06-22T00:01:48+08:00 ] 127.0.0.1 /index.php/Admin/Goods/getAttr.html
INFO: [ app_begin ] --START--
INFO: Run Behavior\ReadHtmlCacheBehavior [ RunTime:0.000856s ]
INFO: [ app_begin ] --END-- [ RunTime:0.001215s ]
SQL: SHOW COLUMNS FROM `sp_attribute` [ RunTime:0.0249s ]
SQL: SELECT * FROM `sp_attribute` WHERE ( attr_cate_id=55 )  [ RunTime:0.0003s ]
INFO: [ app_end ] --START--
INFO: Run Behavior\ShowPageTraceBehavior [ RunTime:0.001072s ]
INFO: [ app_end ] --END-- [ RunTime:0.001104s ]

[ 2017-06-22T00:02:38+08:00 ] 127.0.0.1 /index.php/Admin/Goods/getCate.html
INFO: [ app_begin ] --START--
INFO: Run Behavior\ReadHtmlCacheBehavior [ RunTime:0.000863s ]
INFO: [ app_begin ] --END-- [ RunTime:0.001230s ]
SQL: SHOW COLUMNS FROM `sp_cate` [ RunTime:0.0263s ]
SQL: SELECT * FROM `sp_cate` WHERE ( cate_pid=3 )  [ RunTime:0.0005s ]
INFO: [ app_end ] --START--
INFO: Run Behavior\ShowPageTraceBehavior [ RunTime:0.001942s ]
INFO: [ app_end ] --END-- [ RunTime:0.002013s ]

[ 2017-06-22T00:02:39+08:00 ] 127.0.0.1 /index.php/Admin/Goods/getCate.html
INFO: [ app_begin ] --START--
INFO: Run Behavior\ReadHtmlCacheBehavior [ RunTime:0.000867s ]
INFO: [ app_begin ] --END-- [ RunTime:0.001227s ]
SQL: SHOW COLUMNS FROM `sp_cate` [ RunTime:0.0251s ]
SQL: SELECT * FROM `sp_cate` WHERE ( cate_pid=35 )  [ RunTime:0.0004s ]
INFO: [ app_end ] --START--
INFO: Run Behavior\ShowPageTraceBehavior [ RunTime:0.001604s ]
INFO: [ app_end ] --END-- [ RunTime:0.001675s ]

[ 2017-06-22T00:02:41+08:00 ] 127.0.0.1 /index.php/Admin/Goods/getAttr.html
INFO: [ app_begin ] --START--
INFO: Run Behavior\ReadHtmlCacheBehavior [ RunTime:0.000877s ]
INFO: [ app_begin ] --END-- [ RunTime:0.001254s ]
SQL: SHOW COLUMNS FROM `sp_attribute` [ RunTime:0.0284s ]
SQL: SELECT * FROM `sp_attribute` WHERE ( attr_cate_id=55 )  [ RunTime:0.0004s ]
INFO: [ app_end ] --START--
INFO: Run Behavior\ShowPageTraceBehavior [ RunTime:0.001496s ]
INFO: [ app_end ] --END-- [ RunTime:0.001547s ]

[ 2017-06-22T00:04:10+08:00 ] 127.0.0.1 /index.php/Admin/Goods/getCate.html
INFO: [ app_begin ] --START--
INFO: Run Behavior\ReadHtmlCacheBehavior [ RunTime:0.001345s ]
INFO: [ app_begin ] --END-- [ RunTime:0.001731s ]
SQL: SHOW COLUMNS FROM `sp_cate` [ RunTime:0.0128s ]
SQL: SELECT * FROM `sp_cate` WHERE ( cate_pid=3 )  [ RunTime:0.0004s ]
INFO: [ app_end ] --START--
INFO: Run Behavior\ShowPageTraceBehavior [ RunTime:0.001254s ]
INFO: [ app_end ] --END-- [ RunTime:0.001366s ]

[ 2017-06-22T00:04:12+08:00 ] 127.0.0.1 /index.php/Admin/Goods/getCate.html
INFO: [ app_begin ] --START--
INFO: Run Behavior\ReadHtmlCacheBehavior [ RunTime:0.000871s ]
INFO: [ app_begin ] --END-- [ RunTime:0.001357s ]
SQL: SHOW COLUMNS FROM `sp_cate` [ RunTime:0.0412s ]
SQL: SELECT * FROM `sp_cate` WHERE ( cate_pid=35 )  [ RunTime:0.0004s ]
INFO: [ app_end ] --START--
INFO: Run Behavior\ShowPageTraceBehavior [ RunTime:0.001475s ]
INFO: [ app_end ] --END-- [ RunTime:0.001526s ]

[ 2017-06-22T00:04:14+08:00 ] 127.0.0.1 /index.php/Admin/Goods/getAttr.html
INFO: [ app_begin ] --START--
INFO: Run Behavior\ReadHtmlCacheBehavior [ RunTime:0.000943s ]
INFO: [ app_begin ] --END-- [ RunTime:0.001489s ]
SQL: SHOW COLUMNS FROM `sp_attribute` [ RunTime:0.0438s ]
SQL: SELECT * FROM `sp_attribute` WHERE ( attr_cate_id=55 )  [ RunTime:0.0003s ]
INFO: [ app_end ] --START--
INFO: Run Behavior\ShowPageTraceBehavior [ RunTime:0.001219s ]
INFO: [ app_end ] --END-- [ RunTime:0.001261s ]

[ 2017-06-22T00:04:49+08:00 ] 127.0.0.1 /index.php/Admin/Goods/getCate.html
INFO: [ app_begin ] --START--
INFO: Run Behavior\ReadHtmlCacheBehavior [ RunTime:0.001433s ]
INFO: [ app_begin ] --END-- [ RunTime:0.001999s ]
SQL: SHOW COLUMNS FROM `sp_cate` [ RunTime:0.0195s ]
SQL: SELECT * FROM `sp_cate` WHERE ( cate_pid=3 )  [ RunTime:0.0005s ]
INFO: [ app_end ] --START--
INFO: Run Behavior\ShowPageTraceBehavior [ RunTime:0.001787s ]
INFO: [ app_end ] --END-- [ RunTime:0.001897s ]

[ 2017-06-22T00:04:51+08:00 ] 127.0.0.1 /index.php/Admin/Goods/getCate.html
INFO: [ app_begin ] --START--
INFO: Run Behavior\ReadHtmlCacheBehavior [ RunTime:0.000864s ]
INFO: [ app_begin ] --END-- [ RunTime:0.001261s ]
SQL: SHOW COLUMNS FROM `sp_cate` [ RunTime:0.0515s ]
SQL: SELECT * FROM `sp_cate` WHERE ( cate_pid=35 )  [ RunTime:0.0005s ]
INFO: [ app_end ] --START--
INFO: Run Behavior\ShowPageTraceBehavior [ RunTime:0.001745s ]
INFO: [ app_end ] --END-- [ RunTime:0.001806s ]

[ 2017-06-22T00:04:53+08:00 ] 127.0.0.1 /index.php/Admin/Goods/getAttr.html
INFO: [ app_begin ] --START--
INFO: Run Behavior\ReadHtmlCacheBehavior [ RunTime:0.000958s ]
INFO: [ app_begin ] --END-- [ RunTime:0.001392s ]
SQL: SHOW COLUMNS FROM `sp_attribute` [ RunTime:0.0366s ]
SQL: SELECT * FROM `sp_attribute` WHERE ( attr_cate_id=55 )  [ RunTime:0.0006s ]
INFO: [ app_end ] --START--
INFO: Run Behavior\ShowPageTraceBehavior [ RunTime:0.002838s ]
INFO: [ app_end ] --END-- [ RunTime:0.002962s ]

[ 2017-06-22T00:09:28+08:00 ] 127.0.0.1 /index.php/Admin/Goods/getCate.html
INFO: [ app_begin ] --START--
INFO: Run Behavior\ReadHtmlCacheBehavior [ RunTime:0.000860s ]
INFO: [ app_begin ] --END-- [ RunTime:0.001241s ]
SQL: SHOW COLUMNS FROM `sp_cate` [ RunTime:0.0344s ]
SQL: SELECT * FROM `sp_cate` WHERE ( cate_pid=3 )  [ RunTime:0.0007s ]
INFO: [ app_end ] --START--
INFO: Run Behavior\ShowPageTraceBehavior [ RunTime:0.002659s ]
INFO: [ app_end ] --END-- [ RunTime:0.002754s ]

[ 2017-06-22T00:09:30+08:00 ] 127.0.0.1 /index.php/Admin/Goods/getCate.html
INFO: [ app_begin ] --START--
INFO: Run Behavior\ReadHtmlCacheBehavior [ RunTime:0.000871s ]
INFO: [ app_begin ] --END-- [ RunTime:0.001234s ]
SQL: SHOW COLUMNS FROM `sp_cate` [ RunTime:0.0730s ]
SQL: SELECT * FROM `sp_cate` WHERE ( cate_pid=35 )  [ RunTime:0.0005s ]
INFO: [ app_end ] --START--
INFO: Run Behavior\ShowPageTraceBehavior [ RunTime:0.002504s ]
INFO: [ app_end ] --END-- [ RunTime:0.002578s ]

[ 2017-06-22T00:09:32+08:00 ] 127.0.0.1 /index.php/Admin/Goods/getAttr.html
INFO: [ app_begin ] --START--
INFO: Run Behavior\ReadHtmlCacheBehavior [ RunTime:0.000848s ]
INFO: [ app_begin ] --END-- [ RunTime:0.001204s ]
SQL: SHOW COLUMNS FROM `sp_attribute` [ RunTime:0.0179s ]
SQL: SELECT * FROM `sp_attribute` WHERE ( attr_cate_id=55 )  [ RunTime:0.0003s ]
INFO: [ app_end ] --START--
INFO: Run Behavior\ShowPageTraceBehavior [ RunTime:0.001441s ]
INFO: [ app_end ] --END-- [ RunTime:0.001491s ]

[ 2017-06-22T00:10:18+08:00 ] 127.0.0.1 /index.php/Admin/Goods/getCate.html
INFO: [ app_begin ] --START--
INFO: Run Behavior\ReadHtmlCacheBehavior [ RunTime:0.000901s ]
INFO: [ app_begin ] --END-- [ RunTime:0.001418s ]
SQL: SHOW COLUMNS FROM `sp_cate` [ RunTime:0.0418s ]
SQL: SELECT * FROM `sp_cate` WHERE ( cate_pid=4 )  [ RunTime:0.0003s ]
INFO: [ app_end ] --START--
INFO: Run Behavior\ShowPageTraceBehavior [ RunTime:0.000976s ]
INFO: [ app_end ] --END-- [ RunTime:0.001014s ]

[ 2017-06-22T00:10:20+08:00 ] 127.0.0.1 /index.php/Admin/Goods/getCate.html
INFO: [ app_begin ] --START--
INFO: Run Behavior\ReadHtmlCacheBehavior [ RunTime:0.000872s ]
INFO: [ app_begin ] --END-- [ RunTime:0.001277s ]
SQL: SHOW COLUMNS FROM `sp_cate` [ RunTime:0.0297s ]
SQL: SELECT * FROM `sp_cate` WHERE ( cate_pid=3 )  [ RunTime:0.0003s ]
INFO: [ app_end ] --START--
INFO: Run Behavior\ShowPageTraceBehavior [ RunTime:0.001001s ]
INFO: [ app_end ] --END-- [ RunTime:0.001036s ]

[ 2017-06-22T00:10:22+08:00 ] 127.0.0.1 /index.php/Admin/Goods/getCate.html
INFO: [ app_begin ] --START--
INFO: Run Behavior\ReadHtmlCacheBehavior [ RunTime:0.001509s ]
INFO: [ app_begin ] --END-- [ RunTime:0.001967s ]
SQL: SHOW COLUMNS FROM `sp_cate` [ RunTime:0.0184s ]
SQL: SELECT * FROM `sp_cate` WHERE ( cate_pid=35 )  [ RunTime:0.0004s ]
INFO: [ app_end ] --START--
INFO: Run Behavior\ShowPageTraceBehavior [ RunTime:0.002695s ]
INFO: [ app_end ] --END-- [ RunTime:0.002776s ]

[ 2017-06-22T00:10:24+08:00 ] 127.0.0.1 /index.php/Admin/Goods/getAttr.html
INFO: [ app_begin ] --START--
INFO: Run Behavior\ReadHtmlCacheBehavior [ RunTime:0.000995s ]
INFO: [ app_begin ] --END-- [ RunTime:0.001616s ]
SQL: SHOW COLUMNS FROM `sp_attribute` [ RunTime:0.0515s ]
SQL: SELECT * FROM `sp_attribute` WHERE ( attr_cate_id=55 )  [ RunTime:0.0006s ]
INFO: [ app_end ] --START--
INFO: Run Behavior\ShowPageTraceBehavior [ RunTime:0.002532s ]
INFO: [ app_end ] --END-- [ RunTime:0.002619s ]

[ 2017-06-22T00:12:58+08:00 ] 127.0.0.1 /index.php/Admin/Goods/getCate.html
INFO: [ app_begin ] --START--
INFO: Run Behavior\ReadHtmlCacheBehavior [ RunTime:0.001431s ]
INFO: [ app_begin ] --END-- [ RunTime:0.002203s ]
SQL: SHOW COLUMNS FROM `sp_cate` [ RunTime:0.0410s ]
SQL: SELECT * FROM `sp_cate` WHERE ( cate_pid=3 )  [ RunTime:0.0003s ]
INFO: [ app_end ] --START--
INFO: Run Behavior\ShowPageTraceBehavior [ RunTime:0.001081s ]
INFO: [ app_end ] --END-- [ RunTime:0.001130s ]

[ 2017-06-22T00:13:00+08:00 ] 127.0.0.1 /index.php/Admin/Goods/getCate.html
INFO: [ app_begin ] --START--
INFO: Run Behavior\ReadHtmlCacheBehavior [ RunTime:0.001372s ]
INFO: [ app_begin ] --END-- [ RunTime:0.001858s ]
SQL: SHOW COLUMNS FROM `sp_cate` [ RunTime:0.0285s ]
SQL: SELECT * FROM `sp_cate` WHERE ( cate_pid=35 )  [ RunTime:0.0004s ]
INFO: [ app_end ] --START--
INFO: Run Behavior\ShowPageTraceBehavior [ RunTime:0.001414s ]
INFO: [ app_end ] --END-- [ RunTime:0.001463s ]

[ 2017-06-22T00:13:02+08:00 ] 127.0.0.1 /index.php/Admin/Goods/getAttr.html
INFO: [ app_begin ] --START--
INFO: Run Behavior\ReadHtmlCacheBehavior [ RunTime:0.000856s ]
INFO: [ app_begin ] --END-- [ RunTime:0.001220s ]
SQL: SHOW COLUMNS FROM `sp_attribute` [ RunTime:0.0278s ]
SQL: SELECT * FROM `sp_attribute` WHERE ( attr_cate_id=55 )  [ RunTime:0.0005s ]
INFO: [ app_end ] --START--
INFO: Run Behavior\ShowPageTraceBehavior [ RunTime:0.002310s ]
INFO: [ app_end ] --END-- [ RunTime:0.002392s ]

[ 2017-06-22T00:14:30+08:00 ] 127.0.0.1 /index.php/Admin/Goods/getCate.html
INFO: [ app_begin ] --START--
INFO: Run Behavior\ReadHtmlCacheBehavior [ RunTime:0.000861s ]
INFO: [ app_begin ] --END-- [ RunTime:0.001237s ]
SQL: SHOW COLUMNS FROM `sp_cate` [ RunTime:0.0250s ]
SQL: SELECT * FROM `sp_cate` WHERE ( cate_pid=3 )  [ RunTime:0.0003s ]
INFO: [ app_end ] --START--
INFO: Run Behavior\ShowPageTraceBehavior [ RunTime:0.001037s ]
INFO: [ app_end ] --END-- [ RunTime:0.001074s ]

[ 2017-06-22T00:14:32+08:00 ] 127.0.0.1 /index.php/Admin/Goods/getCate.html
INFO: [ app_begin ] --START--
INFO: Run Behavior\ReadHtmlCacheBehavior [ RunTime:0.000856s ]
INFO: [ app_begin ] --END-- [ RunTime:0.001218s ]
SQL: SHOW COLUMNS FROM `sp_cate` [ RunTime:0.0588s ]
SQL: SELECT * FROM `sp_cate` WHERE ( cate_pid=35 )  [ RunTime:0.0004s ]
INFO: [ app_end ] --START--
INFO: Run Behavior\ShowPageTraceBehavior [ RunTime:0.001663s ]
INFO: [ app_end ] --END-- [ RunTime:0.001726s ]

[ 2017-06-22T00:14:34+08:00 ] 127.0.0.1 /index.php/Admin/Goods/getAttr.html
INFO: [ app_begin ] --START--
INFO: Run Behavior\ReadHtmlCacheBehavior [ RunTime:0.000875s ]
INFO: [ app_begin ] --END-- [ RunTime:0.001260s ]
SQL: SHOW COLUMNS FROM `sp_attribute` [ RunTime:0.0154s ]
SQL: SELECT * FROM `sp_attribute` WHERE ( attr_cate_id=55 )  [ RunTime:0.0003s ]
INFO: [ app_end ] --START--
INFO: Run Behavior\ShowPageTraceBehavior [ RunTime:0.001313s ]
INFO: [ app_end ] --END-- [ RunTime:0.001357s ]

[ 2017-06-22T08:46:15+08:00 ] 127.0.0.1 /index.php/Admin/Goods/getCate.html
INFO: [ app_begin ] --START--
INFO: Run Behavior\ReadHtmlCacheBehavior [ RunTime:0.001066s ]
INFO: [ app_begin ] --END-- [ RunTime:0.001430s ]
SQL: SHOW COLUMNS FROM `sp_cate` [ RunTime:0.0526s ]
SQL: SELECT * FROM `sp_cate` WHERE ( cate_pid=3 )  [ RunTime:0.0007s ]
INFO: [ app_end ] --START--
INFO: Run Behavior\ShowPageTraceBehavior [ RunTime:0.003218s ]
INFO: [ app_end ] --END-- [ RunTime:0.003334s ]

[ 2017-06-22T08:46:17+08:00 ] 127.0.0.1 /index.php/Admin/Goods/getCate.html
INFO: [ app_begin ] --START--
INFO: Run Behavior\ReadHtmlCacheBehavior [ RunTime:0.001050s ]
INFO: [ app_begin ] --END-- [ RunTime:0.001495s ]
SQL: SHOW COLUMNS FROM `sp_cate` [ RunTime:0.0272s ]
SQL: SELECT * FROM `sp_cate` WHERE ( cate_pid=35 )  [ RunTime:0.0003s ]
INFO: [ app_end ] --START--
INFO: Run Behavior\ShowPageTraceBehavior [ RunTime:0.001017s ]
INFO: [ app_end ] --END-- [ RunTime:0.001052s ]

[ 2017-06-22T08:46:19+08:00 ] 127.0.0.1 /index.php/Admin/Goods/getAttr.html
INFO: [ app_begin ] --START--
INFO: Run Behavior\ReadHtmlCacheBehavior [ RunTime:0.000897s ]
INFO: [ app_begin ] --END-- [ RunTime:0.001296s ]
SQL: SHOW COLUMNS FROM `sp_attribute` [ RunTime:0.0517s ]
SQL: SELECT * FROM `sp_attribute` WHERE ( attr_cate_id=55 )  [ RunTime:0.0003s ]
INFO: [ app_end ] --START--
INFO: Run Behavior\ShowPageTraceBehavior [ RunTime:0.000999s ]
INFO: [ app_end ] --END-- [ RunTime:0.001042s ]

[ 2017-06-22T08:47:08+08:00 ] 127.0.0.1 /index.php/Admin/Goods/getCate.html
INFO: [ app_begin ] --START--
INFO: Run Behavior\ReadHtmlCacheBehavior [ RunTime:0.000880s ]
INFO: [ app_begin ] --END-- [ RunTime:0.001349s ]
SQL: SHOW COLUMNS FROM `sp_cate` [ RunTime:0.0636s ]
SQL: SELECT * FROM `sp_cate` WHERE ( cate_pid=3 )  [ RunTime:0.0007s ]
INFO: [ app_end ] --START--
INFO: Run Behavior\ShowPageTraceBehavior [ RunTime:0.002640s ]
INFO: [ app_end ] --END-- [ RunTime:0.002735s ]

[ 2017-06-22T08:47:10+08:00 ] 127.0.0.1 /index.php/Admin/Goods/getCate.html
INFO: [ app_begin ] --START--
INFO: Run Behavior\ReadHtmlCacheBehavior [ RunTime:0.000941s ]
INFO: [ app_begin ] --END-- [ RunTime:0.001323s ]
SQL: SHOW COLUMNS FROM `sp_cate` [ RunTime:0.0193s ]
SQL: SELECT * FROM `sp_cate` WHERE ( cate_pid=35 )  [ RunTime:0.0003s ]
INFO: [ app_end ] --START--
INFO: Run Behavior\ShowPageTraceBehavior [ RunTime:0.001184s ]
INFO: [ app_end ] --END-- [ RunTime:0.001225s ]

[ 2017-06-22T08:47:12+08:00 ] 127.0.0.1 /index.php/Admin/Goods/getAttr.html
INFO: [ app_begin ] --START--
INFO: Run Behavior\ReadHtmlCacheBehavior [ RunTime:0.000908s ]
INFO: [ app_begin ] --END-- [ RunTime:0.001462s ]
SQL: SHOW COLUMNS FROM `sp_attribute` [ RunTime:0.0763s ]
SQL: SELECT * FROM `sp_attribute` WHERE ( attr_cate_id=55 )  [ RunTime:0.0011s ]
INFO: [ app_end ] --START--
INFO: Run Behavior\ShowPageTraceBehavior [ RunTime:0.005085s ]
INFO: [ app_end ] --END-- [ RunTime:0.005260s ]

[ 2017-06-22T08:48:32+08:00 ] 127.0.0.1 /index.php/Admin/Goods/getCate.html
INFO: [ app_begin ] --START--
INFO: Run Behavior\ReadHtmlCacheBehavior [ RunTime:0.001062s ]
INFO: [ app_begin ] --END-- [ RunTime:0.001512s ]
SQL: SHOW COLUMNS FROM `sp_cate` [ RunTime:0.0289s ]
SQL: SELECT * FROM `sp_cate` WHERE ( cate_pid=3 )  [ RunTime:0.0006s ]
INFO: [ app_end ] --START--
INFO: Run Behavior\ShowPageTraceBehavior [ RunTime:0.002274s ]
INFO: [ app_end ] --END-- [ RunTime:0.002366s ]

[ 2017-06-22T08:48:33+08:00 ] 127.0.0.1 /index.php/Admin/Goods/getCate.html
INFO: [ app_begin ] --START--
INFO: Run Behavior\ReadHtmlCacheBehavior [ RunTime:0.000914s ]
INFO: [ app_begin ] --END-- [ RunTime:0.001422s ]
SQL: SHOW COLUMNS FROM `sp_cate` [ RunTime:0.0312s ]
SQL: SELECT * FROM `sp_cate` WHERE ( cate_pid=35 )  [ RunTime:0.0006s ]
INFO: [ app_end ] --START--
INFO: Run Behavior\ShowPageTraceBehavior [ RunTime:0.001555s ]
INFO: [ app_end ] --END-- [ RunTime:0.001623s ]

[ 2017-06-22T08:48:36+08:00 ] 127.0.0.1 /index.php/Admin/Goods/getAttr.html
INFO: [ app_begin ] --START--
INFO: Run Behavior\ReadHtmlCacheBehavior [ RunTime:0.000854s ]
INFO: [ app_begin ] --END-- [ RunTime:0.001222s ]
SQL: SHOW COLUMNS FROM `sp_attribute` [ RunTime:0.0291s ]
SQL: SELECT * FROM `sp_attribute` WHERE ( attr_cate_id=55 )  [ RunTime:0.0004s ]
INFO: [ app_end ] --START--
INFO: Run Behavior\ShowPageTraceBehavior [ RunTime:0.001490s ]
INFO: [ app_end ] --END-- [ RunTime:0.001540s ]

[ 2017-06-22T08:49:57+08:00 ] 127.0.0.1 /index.php/Admin/Goods/getCate.html
INFO: [ app_begin ] --START--
INFO: Run Behavior\ReadHtmlCacheBehavior [ RunTime:0.000985s ]
INFO: [ app_begin ] --END-- [ RunTime:0.001365s ]
SQL: SHOW COLUMNS FROM `sp_cate` [ RunTime:0.0280s ]
SQL: SELECT * FROM `sp_cate` WHERE ( cate_pid=3 )  [ RunTime:0.0005s ]
INFO: [ app_end ] --START--
INFO: Run Behavior\ShowPageTraceBehavior [ RunTime:0.001496s ]
INFO: [ app_end ] --END-- [ RunTime:0.001545s ]

[ 2017-06-22T08:49:59+08:00 ] 127.0.0.1 /index.php/Admin/Goods/getCate.html
INFO: [ app_begin ] --START--
INFO: Run Behavior\ReadHtmlCacheBehavior [ RunTime:0.000914s ]
INFO: [ app_begin ] --END-- [ RunTime:0.001315s ]
SQL: SHOW COLUMNS FROM `sp_cate` [ RunTime:0.0286s ]
SQL: SELECT * FROM `sp_cate` WHERE ( cate_pid=35 )  [ RunTime:0.0006s ]
INFO: [ app_end ] --START--
INFO: Run Behavior\ShowPageTraceBehavior [ RunTime:0.002005s ]
INFO: [ app_end ] --END-- [ RunTime:0.002079s ]

[ 2017-06-22T08:50:03+08:00 ] 127.0.0.1 /index.php/Admin/Goods/getAttr.html
INFO: [ app_begin ] --START--
INFO: Run Behavior\ReadHtmlCacheBehavior [ RunTime:0.001158s ]
INFO: [ app_begin ] --END-- [ RunTime:0.001566s ]
SQL: SHOW COLUMNS FROM `sp_attribute` [ RunTime:0.0399s ]
SQL: SELECT * FROM `sp_attribute` WHERE ( attr_cate_id=55 )  [ RunTime:0.0004s ]
INFO: [ app_end ] --START--
INFO: Run Behavior\ShowPageTraceBehavior [ RunTime:0.001464s ]
INFO: [ app_end ] --END-- [ RunTime:0.001517s ]

[ 2017-06-22T08:50:31+08:00 ] 127.0.0.1 /index.php/Admin/Goods/getCate.html
INFO: [ app_begin ] --START--
INFO: Run Behavior\ReadHtmlCacheBehavior [ RunTime:0.001423s ]
INFO: [ app_begin ] --END-- [ RunTime:0.002014s ]
SQL: SHOW COLUMNS FROM `sp_cate` [ RunTime:0.0467s ]
SQL: SELECT * FROM `sp_cate` WHERE ( cate_pid=3 )  [ RunTime:0.0003s ]
INFO: [ app_end ] --START--
INFO: Run Behavior\ShowPageTraceBehavior [ RunTime:0.001242s ]
INFO: [ app_end ] --END-- [ RunTime:0.001286s ]

[ 2017-06-22T08:50:33+08:00 ] 127.0.0.1 /index.php/Admin/Goods/getCate.html
INFO: [ app_begin ] --START--
INFO: Run Behavior\ReadHtmlCacheBehavior [ RunTime:0.000966s ]
INFO: [ app_begin ] --END-- [ RunTime:0.001550s ]
SQL: SHOW COLUMNS FROM `sp_cate` [ RunTime:0.0422s ]
SQL: SELECT * FROM `sp_cate` WHERE ( cate_pid=35 )  [ RunTime:0.0003s ]
INFO: [ app_end ] --START--
INFO: Run Behavior\ShowPageTraceBehavior [ RunTime:0.001000s ]
INFO: [ app_end ] --END-- [ RunTime:0.001036s ]

[ 2017-06-22T08:50:34+08:00 ] 127.0.0.1 /index.php/Admin/Goods/getAttr.html
INFO: [ app_begin ] --START--
INFO: Run Behavior\ReadHtmlCacheBehavior [ RunTime:0.000909s ]
INFO: [ app_begin ] --END-- [ RunTime:0.001329s ]
SQL: SHOW COLUMNS FROM `sp_attribute` [ RunTime:0.0448s ]
SQL: SELECT * FROM `sp_attribute` WHERE ( attr_cate_id=55 )  [ RunTime:0.0008s ]
INFO: [ app_end ] --START--
INFO: Run Behavior\ShowPageTraceBehavior [ RunTime:0.003607s ]
INFO: [ app_end ] --END-- [ RunTime:0.003732s ]

[ 2017-06-22T08:54:17+08:00 ] 127.0.0.1 /index.php/Admin/Goods/getCate.html
INFO: [ app_begin ] --START--
INFO: Run Behavior\ReadHtmlCacheBehavior [ RunTime:0.000875s ]
INFO: [ app_begin ] --END-- [ RunTime:0.001262s ]
SQL: SHOW COLUMNS FROM `sp_cate` [ RunTime:0.0403s ]
SQL: SELECT * FROM `sp_cate` WHERE ( cate_pid=3 )  [ RunTime:0.0008s ]
INFO: [ app_end ] --START--
INFO: Run Behavior\ShowPageTraceBehavior [ RunTime:0.002914s ]
INFO: [ app_end ] --END-- [ RunTime:0.003029s ]

[ 2017-06-22T08:54:19+08:00 ] 127.0.0.1 /index.php/Admin/Goods/getCate.html
INFO: [ app_begin ] --START--
INFO: Run Behavior\ReadHtmlCacheBehavior [ RunTime:0.000882s ]
INFO: [ app_begin ] --END-- [ RunTime:0.001383s ]
SQL: SHOW COLUMNS FROM `sp_cate` [ RunTime:0.0630s ]
SQL: SELECT * FROM `sp_cate` WHERE ( cate_pid=35 )  [ RunTime:0.0007s ]
INFO: [ app_end ] --START--
INFO: Run Behavior\ShowPageTraceBehavior [ RunTime:0.002875s ]
INFO: [ app_end ] --END-- [ RunTime:0.002975s ]

[ 2017-06-22T08:54:20+08:00 ] 127.0.0.1 /index.php/Admin/Goods/getAttr.html
INFO: [ app_begin ] --START--
INFO: Run Behavior\ReadHtmlCacheBehavior [ RunTime:0.000908s ]
INFO: [ app_begin ] --END-- [ RunTime:0.001294s ]
SQL: SHOW COLUMNS FROM `sp_attribute` [ RunTime:0.0385s ]
SQL: SELECT * FROM `sp_attribute` WHERE ( attr_cate_id=55 )  [ RunTime:0.0003s ]
INFO: [ app_end ] --START--
INFO: Run Behavior\ShowPageTraceBehavior [ RunTime:0.000981s ]
INFO: [ app_end ] --END-- [ RunTime:0.001014s ]

[ 2017-06-22T18:56:58+08:00 ] 127.0.0.1 /index.php/Admin/Attribute/getCate.html
INFO: [ app_begin ] --START--
INFO: Run Behavior\ReadHtmlCacheBehavior [ RunTime:0.000872s ]
INFO: [ app_begin ] --END-- [ RunTime:0.001235s ]
SQL: SHOW COLUMNS FROM `sp_cate` [ RunTime:0.0354s ]
SQL: SELECT * FROM `sp_cate` WHERE ( cate_pid=1 )  [ RunTime:0.0003s ]
INFO: [ app_end ] --START--
INFO: Run Behavior\ShowPageTraceBehavior [ RunTime:0.001055s ]
INFO: [ app_end ] --END-- [ RunTime:0.001091s ]

[ 2017-06-22T18:57:11+08:00 ] 127.0.0.1 /index.php/Admin/Attribute/getCate.html
INFO: [ app_begin ] --START--
INFO: Run Behavior\ReadHtmlCacheBehavior [ RunTime:0.001097s ]
INFO: [ app_begin ] --END-- [ RunTime:0.001697s ]
SQL: SHOW COLUMNS FROM `sp_cate` [ RunTime:0.0517s ]
SQL: SELECT * FROM `sp_cate` WHERE ( cate_pid=15 )  [ RunTime:0.0004s ]
INFO: [ app_end ] --START--
INFO: Run Behavior\ShowPageTraceBehavior [ RunTime:0.001119s ]
INFO: [ app_end ] --END-- [ RunTime:0.001189s ]

[ 2017-06-22T18:58:40+08:00 ] 127.0.0.1 /index.php/Admin/Attribute/getCate.html
INFO: [ app_begin ] --START--
INFO: Run Behavior\ReadHtmlCacheBehavior [ RunTime:0.000866s ]
INFO: [ app_begin ] --END-- [ RunTime:0.001234s ]
SQL: SHOW COLUMNS FROM `sp_cate` [ RunTime:0.0248s ]
SQL: SELECT * FROM `sp_cate` WHERE ( cate_pid=1 )  [ RunTime:0.0003s ]
INFO: [ app_end ] --START--
INFO: Run Behavior\ShowPageTraceBehavior [ RunTime:0.001198s ]
INFO: [ app_end ] --END-- [ RunTime:0.001240s ]

[ 2017-06-22T18:58:45+08:00 ] 127.0.0.1 /index.php/Admin/Attribute/getCate.html
INFO: [ app_begin ] --START--
INFO: Run Behavior\ReadHtmlCacheBehavior [ RunTime:0.000891s ]
INFO: [ app_begin ] --END-- [ RunTime:0.001309s ]
SQL: SHOW COLUMNS FROM `sp_cate` [ RunTime:0.0278s ]
SQL: SELECT * FROM `sp_cate` WHERE ( cate_pid=16 )  [ RunTime:0.0006s ]
INFO: [ app_end ] --START--
INFO: Run Behavior\ShowPageTraceBehavior [ RunTime:0.002483s ]
INFO: [ app_end ] --END-- [ RunTime:0.002570s ]

[ 2017-06-22T18:58:56+08:00 ] 127.0.0.1 /index.php/Admin/Attribute/getCate.html
INFO: [ app_begin ] --START--
INFO: Run Behavior\ReadHtmlCacheBehavior [ RunTime:0.000861s ]
INFO: [ app_begin ] --END-- [ RunTime:0.001248s ]
SQL: SHOW COLUMNS FROM `sp_cate` [ RunTime:0.0327s ]
SQL: SELECT * FROM `sp_cate` WHERE ( cate_pid=14 )  [ RunTime:0.0004s ]
INFO: [ app_end ] --START--
INFO: Run Behavior\ShowPageTraceBehavior [ RunTime:0.001211s ]
INFO: [ app_end ] --END-- [ RunTime:0.001251s ]

[ 2017-06-22T19:00:20+08:00 ] 127.0.0.1 /index.php/Admin/Attribute/getCate.html
INFO: [ app_begin ] --START--
INFO: Run Behavior\ReadHtmlCacheBehavior [ RunTime:0.000868s ]
INFO: [ app_begin ] --END-- [ RunTime:0.001245s ]
SQL: SHOW COLUMNS FROM `sp_cate` [ RunTime:0.0288s ]
SQL: SELECT * FROM `sp_cate` WHERE ( cate_pid=2 )  [ RunTime:0.0004s ]
INFO: [ app_end ] --START--
INFO: Run Behavior\ShowPageTraceBehavior [ RunTime:0.001293s ]
INFO: [ app_end ] --END-- [ RunTime:0.001345s ]

[ 2017-06-22T19:00:23+08:00 ] 127.0.0.1 /index.php/Admin/Attribute/getCate.html
INFO: [ app_begin ] --START--
INFO: Run Behavior\ReadHtmlCacheBehavior [ RunTime:0.000847s ]
INFO: [ app_begin ] --END-- [ RunTime:0.001205s ]
SQL: SHOW COLUMNS FROM `sp_cate` [ RunTime:0.0181s ]
SQL: SELECT * FROM `sp_cate` WHERE ( cate_pid=37 )  [ RunTime:0.0003s ]
INFO: [ app_end ] --START--
INFO: Run Behavior\ShowPageTraceBehavior [ RunTime:0.001575s ]
INFO: [ app_end ] --END-- [ RunTime:0.001636s ]

[ 2017-06-22T19:13:11+08:00 ] 127.0.0.1 /index.php/Admin/Attribute/getCate.html
INFO: [ app_begin ] --START--
INFO: Run Behavior\ReadHtmlCacheBehavior [ RunTime:0.000857s ]
INFO: [ app_begin ] --END-- [ RunTime:0.001218s ]
SQL: SHOW COLUMNS FROM `sp_cate` [ RunTime:0.0121s ]
SQL: SELECT * FROM `sp_cate` WHERE ( cate_pid=3 )  [ RunTime:0.0003s ]
INFO: [ app_end ] --START--
INFO: Run Behavior\ShowPageTraceBehavior [ RunTime:0.000981s ]
INFO: [ app_end ] --END-- [ RunTime:0.001015s ]

[ 2017-06-22T19:13:13+08:00 ] 127.0.0.1 /index.php/Admin/Attribute/getCate.html
INFO: [ app_begin ] --START--
INFO: Run Behavior\ReadHtmlCacheBehavior [ RunTime:0.000854s ]
INFO: [ app_begin ] --END-- [ RunTime:0.001226s ]
SQL: SHOW COLUMNS FROM `sp_cate` [ RunTime:0.0457s ]
SQL: SELECT * FROM `sp_cate` WHERE ( cate_pid=35 )  [ RunTime:0.0003s ]
INFO: [ app_end ] --START--
INFO: Run Behavior\ShowPageTraceBehavior [ RunTime:0.000989s ]
INFO: [ app_end ] --END-- [ RunTime:0.001031s ]

[ 2017-06-22T19:14:57+08:00 ] 127.0.0.1 /index.php/Admin/Goods/getCate.html
INFO: [ app_begin ] --START--
INFO: Run Behavior\ReadHtmlCacheBehavior [ RunTime:0.000922s ]
INFO: [ app_begin ] --END-- [ RunTime:0.001350s ]
SQL: SHOW COLUMNS FROM `sp_cate` [ RunTime:0.0669s ]
SQL: SELECT * FROM `sp_cate` WHERE ( cate_pid=3 )  [ RunTime:0.0005s ]
INFO: [ app_end ] --START--
INFO: Run Behavior\ShowPageTraceBehavior [ RunTime:0.001743s ]
INFO: [ app_end ] --END-- [ RunTime:0.001803s ]

[ 2017-06-22T19:15:01+08:00 ] 127.0.0.1 /index.php/Admin/Goods/getCate.html
INFO: [ app_begin ] --START--
INFO: Run Behavior\ReadHtmlCacheBehavior [ RunTime:0.000877s ]
INFO: [ app_begin ] --END-- [ RunTime:0.001373s ]
SQL: SHOW COLUMNS FROM `sp_cate` [ RunTime:0.0377s ]
SQL: SELECT * FROM `sp_cate` WHERE ( cate_pid=35 )  [ RunTime:0.0006s ]
INFO: [ app_end ] --START--
INFO: Run Behavior\ShowPageTraceBehavior [ RunTime:0.002122s ]
INFO: [ app_end ] --END-- [ RunTime:0.002202s ]

[ 2017-06-22T19:15:06+08:00 ] 127.0.0.1 /index.php/Admin/Goods/getAttr.html
INFO: [ app_begin ] --START--
INFO: Run Behavior\ReadHtmlCacheBehavior [ RunTime:0.000864s ]
INFO: [ app_begin ] --END-- [ RunTime:0.001237s ]
SQL: SHOW COLUMNS FROM `sp_attribute` [ RunTime:0.0232s ]
SQL: SELECT * FROM `sp_attribute` WHERE ( attr_cate_id=55 )  [ RunTime:0.0006s ]
INFO: [ app_end ] --START--
INFO: Run Behavior\ShowPageTraceBehavior [ RunTime:0.002179s ]
INFO: [ app_end ] --END-- [ RunTime:0.002254s ]

[ 2017-06-22T19:16:30+08:00 ] 127.0.0.1 /index.php/Admin/Goods/getCate.html
INFO: [ app_begin ] --START--
INFO: Run Behavior\ReadHtmlCacheBehavior [ RunTime:0.000948s ]
INFO: [ app_begin ] --END-- [ RunTime:0.001374s ]
SQL: SHOW COLUMNS FROM `sp_cate` [ RunTime:0.0148s ]
SQL: SELECT * FROM `sp_cate` WHERE ( cate_pid=1 )  [ RunTime:0.0003s ]
INFO: [ app_end ] --START--
INFO: Run Behavior\ShowPageTraceBehavior [ RunTime:0.001231s ]
INFO: [ app_end ] --END-- [ RunTime:0.001268s ]

[ 2017-06-22T19:16:37+08:00 ] 127.0.0.1 /index.php/Admin/Goods/getCate.html
INFO: [ app_begin ] --START--
INFO: Run Behavior\ReadHtmlCacheBehavior [ RunTime:0.000876s ]
INFO: [ app_begin ] --END-- [ RunTime:0.001259s ]
SQL: SHOW COLUMNS FROM `sp_cate` [ RunTime:0.0272s ]
SQL: SELECT * FROM `sp_cate` WHERE ( cate_pid=2 )  [ RunTime:0.0003s ]
INFO: [ app_end ] --START--
INFO: Run Behavior\ShowPageTraceBehavior [ RunTime:0.001377s ]
INFO: [ app_end ] --END-- [ RunTime:0.001426s ]

[ 2017-06-22T19:16:40+08:00 ] 127.0.0.1 /index.php/Admin/Goods/getCate.html
INFO: [ app_begin ] --START--
INFO: Run Behavior\ReadHtmlCacheBehavior [ RunTime:0.000856s ]
INFO: [ app_begin ] --END-- [ RunTime:0.001215s ]
SQL: SHOW COLUMNS FROM `sp_cate` [ RunTime:0.0117s ]
SQL: SELECT * FROM `sp_cate` WHERE ( cate_pid=37 )  [ RunTime:0.0003s ]
INFO: [ app_end ] --START--
INFO: Run Behavior\ShowPageTraceBehavior [ RunTime:0.001100s ]
INFO: [ app_end ] --END-- [ RunTime:0.001141s ]

[ 2017-06-22T19:16:42+08:00 ] 127.0.0.1 /index.php/Admin/Goods/getAttr.html
INFO: [ app_begin ] --START--
INFO: Run Behavior\ReadHtmlCacheBehavior [ RunTime:0.000860s ]
INFO: [ app_begin ] --END-- [ RunTime:0.001233s ]
SQL: SHOW COLUMNS FROM `sp_attribute` [ RunTime:0.0323s ]
SQL: SELECT * FROM `sp_attribute` WHERE ( attr_cate_id=42 )  [ RunTime:0.0002s ]
INFO: [ app_end ] --START--
INFO: Run Behavior\ShowPageTraceBehavior [ RunTime:0.001106s ]
INFO: [ app_end ] --END-- [ RunTime:0.001147s ]

[ 2017-06-22T19:22:04+08:00 ] 127.0.0.1 /index.php/Admin/Goods/getCate.html
INFO: [ app_begin ] --START--
INFO: Run Behavior\ReadHtmlCacheBehavior [ RunTime:0.000759s ]
INFO: [ app_begin ] --END-- [ RunTime:0.001327s ]
SQL: SHOW COLUMNS FROM `sp_cate` [ RunTime:0.0472s ]
SQL: SELECT * FROM `sp_cate` WHERE ( cate_pid=2 )  [ RunTime:0.0008s ]
INFO: [ app_end ] --START--
INFO: Run Behavior\ShowPageTraceBehavior [ RunTime:0.001619s ]
INFO: [ app_end ] --END-- [ RunTime:0.001695s ]

[ 2017-06-22T19:22:06+08:00 ] 127.0.0.1 /index.php/Admin/Goods/getCate.html
INFO: [ app_begin ] --START--
INFO: Run Behavior\ReadHtmlCacheBehavior [ RunTime:0.000683s ]
INFO: [ app_begin ] --END-- [ RunTime:0.001047s ]
SQL: SHOW COLUMNS FROM `sp_cate` [ RunTime:0.0125s ]
SQL: SELECT * FROM `sp_cate` WHERE ( cate_pid=38 )  [ RunTime:0.0003s ]
INFO: [ app_end ] --START--
INFO: Run Behavior\ShowPageTraceBehavior [ RunTime:0.001022s ]
INFO: [ app_end ] --END-- [ RunTime:0.001069s ]

[ 2017-06-22T19:22:07+08:00 ] 127.0.0.1 /index.php/Admin/Goods/getCate.html
INFO: [ app_begin ] --START--
INFO: Run Behavior\ReadHtmlCacheBehavior [ RunTime:0.000691s ]
INFO: [ app_begin ] --END-- [ RunTime:0.001050s ]
SQL: SHOW COLUMNS FROM `sp_cate` [ RunTime:0.0142s ]
SQL: SELECT * FROM `sp_cate` WHERE ( cate_pid=37 )  [ RunTime:0.0003s ]
INFO: [ app_end ] --START--
INFO: Run Behavior\ShowPageTraceBehavior [ RunTime:0.000983s ]
INFO: [ app_end ] --END-- [ RunTime:0.001025s ]

[ 2017-06-22T19:22:10+08:00 ] 127.0.0.1 /index.php/Admin/Goods/getAttr.html
INFO: [ app_begin ] --START--
INFO: Run Behavior\ReadHtmlCacheBehavior [ RunTime:0.000748s ]
INFO: [ app_begin ] --END-- [ RunTime:0.001198s ]
SQL: SHOW COLUMNS FROM `sp_attribute` [ RunTime:0.0336s ]
SQL: SELECT * FROM `sp_attribute` WHERE ( attr_cate_id=42 )  [ RunTime:0.0006s ]
INFO: [ app_end ] --START--
INFO: Run Behavior\ShowPageTraceBehavior [ RunTime:0.002140s ]
INFO: [ app_end ] --END-- [ RunTime:0.002233s ]

[ 2017-06-22T19:25:34+08:00 ] 127.0.0.1 /index.php/Admin/Goods/getCate.html
INFO: [ app_begin ] --START--
INFO: Run Behavior\ReadHtmlCacheBehavior [ RunTime:0.000859s ]
INFO: [ app_begin ] --END-- [ RunTime:0.001216s ]
SQL: SHOW COLUMNS FROM `sp_cate` [ RunTime:0.0249s ]
SQL: SELECT * FROM `sp_cate` WHERE ( cate_pid=3 )  [ RunTime:0.0006s ]
INFO: [ app_end ] --START--
INFO: Run Behavior\ShowPageTraceBehavior [ RunTime:0.002296s ]
INFO: [ app_end ] --END-- [ RunTime:0.002394s ]

[ 2017-06-22T19:25:36+08:00 ] 127.0.0.1 /index.php/Admin/Goods/getCate.html
INFO: [ app_begin ] --START--
INFO: Run Behavior\ReadHtmlCacheBehavior [ RunTime:0.001018s ]
INFO: [ app_begin ] --END-- [ RunTime:0.001399s ]
SQL: SHOW COLUMNS FROM `sp_cate` [ RunTime:0.0299s ]
SQL: SELECT * FROM `sp_cate` WHERE ( cate_pid=35 )  [ RunTime:0.0007s ]
INFO: [ app_end ] --START--
INFO: Run Behavior\ShowPageTraceBehavior [ RunTime:0.003617s ]
INFO: [ app_end ] --END-- [ RunTime:0.003729s ]

[ 2017-06-22T19:25:38+08:00 ] 127.0.0.1 /index.php/Admin/Goods/getAttr.html
INFO: [ app_begin ] --START--
INFO: Run Behavior\ReadHtmlCacheBehavior [ RunTime:0.000896s ]
INFO: [ app_begin ] --END-- [ RunTime:0.001293s ]
SQL: SHOW COLUMNS FROM `sp_attribute` [ RunTime:0.0633s ]
SQL: SELECT * FROM `sp_attribute` WHERE ( attr_cate_id=55 )  [ RunTime:0.0007s ]
INFO: [ app_end ] --START--
INFO: Run Behavior\ShowPageTraceBehavior [ RunTime:0.002768s ]
INFO: [ app_end ] --END-- [ RunTime:0.002867s ]

[ 2017-06-22T19:25:49+08:00 ] 127.0.0.1 /index.php/Admin/Goods/getCate.html
INFO: [ app_begin ] --START--
INFO: Run Behavior\ReadHtmlCacheBehavior [ RunTime:0.000867s ]
INFO: [ app_begin ] --END-- [ RunTime:0.001229s ]
SQL: SHOW COLUMNS FROM `sp_cate` [ RunTime:0.0201s ]
SQL: SELECT * FROM `sp_cate` WHERE ( cate_pid=2 )  [ RunTime:0.0004s ]
INFO: [ app_end ] --START--
INFO: Run Behavior\ShowPageTraceBehavior [ RunTime:0.001250s ]
INFO: [ app_end ] --END-- [ RunTime:0.001314s ]

[ 2017-06-22T19:25:51+08:00 ] 127.0.0.1 /index.php/Admin/Goods/getCate.html
INFO: [ app_begin ] --START--
INFO: Run Behavior\ReadHtmlCacheBehavior [ RunTime:0.001145s ]
INFO: [ app_begin ] --END-- [ RunTime:0.001527s ]
SQL: SHOW COLUMNS FROM `sp_cate` [ RunTime:0.0430s ]
SQL: SELECT * FROM `sp_cate` WHERE ( cate_pid=37 )  [ RunTime:0.0010s ]
INFO: [ app_end ] --START--
INFO: Run Behavior\ShowPageTraceBehavior [ RunTime:0.003764s ]
INFO: [ app_end ] --END-- [ RunTime:0.003884s ]

[ 2017-06-22T19:25:53+08:00 ] 127.0.0.1 /index.php/Admin/Goods/getAttr.html
INFO: [ app_begin ] --START--
INFO: Run Behavior\ReadHtmlCacheBehavior [ RunTime:0.001141s ]
INFO: [ app_begin ] --END-- [ RunTime:0.001534s ]
SQL: SHOW COLUMNS FROM `sp_attribute` [ RunTime:0.0280s ]
SQL: SELECT * FROM `sp_attribute` WHERE ( attr_cate_id=42 )  [ RunTime:0.0003s ]
INFO: [ app_end ] --START--
INFO: Run Behavior\ShowPageTraceBehavior [ RunTime:0.000983s ]
INFO: [ app_end ] --END-- [ RunTime:0.001016s ]

[ 2017-06-22T19:29:24+08:00 ] 127.0.0.1 /index.php/Admin/Goods/getCate.html
INFO: [ app_begin ] --START--
INFO: Run Behavior\ReadHtmlCacheBehavior [ RunTime:0.000863s ]
INFO: [ app_begin ] --END-- [ RunTime:0.001220s ]
SQL: SHOW COLUMNS FROM `sp_cate` [ RunTime:0.0469s ]
SQL: SELECT * FROM `sp_cate` WHERE ( cate_pid=3 )  [ RunTime:0.0006s ]
INFO: [ app_end ] --START--
INFO: Run Behavior\ShowPageTraceBehavior [ RunTime:0.002874s ]
INFO: [ app_end ] --END-- [ RunTime:0.002972s ]

[ 2017-06-22T19:29:26+08:00 ] 127.0.0.1 /index.php/Admin/Goods/getCate.html
INFO: [ app_begin ] --START--
INFO: Run Behavior\ReadHtmlCacheBehavior [ RunTime:0.001302s ]
INFO: [ app_begin ] --END-- [ RunTime:0.001734s ]
SQL: SHOW COLUMNS FROM `sp_cate` [ RunTime:0.0844s ]
SQL: SELECT * FROM `sp_cate` WHERE ( cate_pid=2 )  [ RunTime:0.0007s ]
INFO: [ app_end ] --START--
INFO: Run Behavior\ShowPageTraceBehavior [ RunTime:0.001922s ]
INFO: [ app_end ] --END-- [ RunTime:0.001982s ]

[ 2017-06-22T19:29:28+08:00 ] 127.0.0.1 /index.php/Admin/Goods/getCate.html
INFO: [ app_begin ] --START--
INFO: Run Behavior\ReadHtmlCacheBehavior [ RunTime:0.000866s ]
INFO: [ app_begin ] --END-- [ RunTime:0.001230s ]
SQL: SHOW COLUMNS FROM `sp_cate` [ RunTime:0.0189s ]
SQL: SELECT * FROM `sp_cate` WHERE ( cate_pid=37 )  [ RunTime:0.0006s ]
INFO: [ app_end ] --START--
INFO: Run Behavior\ShowPageTraceBehavior [ RunTime:0.002903s ]
INFO: [ app_end ] --END-- [ RunTime:0.002999s ]

[ 2017-06-22T19:29:30+08:00 ] 127.0.0.1 /index.php/Admin/Goods/getAttr.html
INFO: [ app_begin ] --START--
INFO: Run Behavior\ReadHtmlCacheBehavior [ RunTime:0.000877s ]
INFO: [ app_begin ] --END-- [ RunTime:0.001257s ]
SQL: SHOW COLUMNS FROM `sp_attribute` [ RunTime:0.0144s ]
SQL: SELECT * FROM `sp_attribute` WHERE ( attr_cate_id=42 )  [ RunTime:0.0003s ]
INFO: [ app_end ] --START--
INFO: Run Behavior\ShowPageTraceBehavior [ RunTime:0.001210s ]
INFO: [ app_end ] --END-- [ RunTime:0.001250s ]

[ 2017-06-22T19:29:36+08:00 ] 127.0.0.1 /index.php/Admin/Goods/getCate.html
INFO: [ app_begin ] --START--
INFO: Run Behavior\ReadHtmlCacheBehavior [ RunTime:0.001234s ]
INFO: [ app_begin ] --END-- [ RunTime:0.001621s ]
SQL: SHOW COLUMNS FROM `sp_cate` [ RunTime:0.0376s ]
SQL: SELECT * FROM `sp_cate` WHERE ( cate_pid=3 )  [ RunTime:0.0008s ]
INFO: [ app_end ] --START--
INFO: Run Behavior\ShowPageTraceBehavior [ RunTime:0.004083s ]
INFO: [ app_end ] --END-- [ RunTime:0.004250s ]

[ 2017-06-22T19:29:37+08:00 ] 127.0.0.1 /index.php/Admin/Goods/getCate.html
INFO: [ app_begin ] --START--
INFO: Run Behavior\ReadHtmlCacheBehavior [ RunTime:0.000941s ]
INFO: [ app_begin ] --END-- [ RunTime:0.001339s ]
SQL: SHOW COLUMNS FROM `sp_cate` [ RunTime:0.0329s ]
SQL: SELECT * FROM `sp_cate` WHERE ( cate_pid=36 )  [ RunTime:0.0005s ]
INFO: [ app_end ] --START--
INFO: Run Behavior\ShowPageTraceBehavior [ RunTime:0.001951s ]
INFO: [ app_end ] --END-- [ RunTime:0.002024s ]

[ 2017-06-22T19:29:39+08:00 ] 127.0.0.1 /index.php/Admin/Goods/getCate.html
INFO: [ app_begin ] --START--
INFO: Run Behavior\ReadHtmlCacheBehavior [ RunTime:0.000851s ]
INFO: [ app_begin ] --END-- [ RunTime:0.001207s ]
SQL: SHOW COLUMNS FROM `sp_cate` [ RunTime:0.0136s ]
SQL: SELECT * FROM `sp_cate` WHERE ( cate_pid=35 )  [ RunTime:0.0003s ]
INFO: [ app_end ] --START--
INFO: Run Behavior\ShowPageTraceBehavior [ RunTime:0.000993s ]
INFO: [ app_end ] --END-- [ RunTime:0.001027s ]

[ 2017-06-22T19:29:40+08:00 ] 127.0.0.1 /index.php/Admin/Goods/getAttr.html
INFO: [ app_begin ] --START--
INFO: Run Behavior\ReadHtmlCacheBehavior [ RunTime:0.000861s ]
INFO: [ app_begin ] --END-- [ RunTime:0.001249s ]
SQL: SHOW COLUMNS FROM `sp_attribute` [ RunTime:0.0298s ]
SQL: SELECT * FROM `sp_attribute` WHERE ( attr_cate_id=55 )  [ RunTime:0.0004s ]
INFO: [ app_end ] --START--
INFO: Run Behavior\ShowPageTraceBehavior [ RunTime:0.001787s ]
INFO: [ app_end ] --END-- [ RunTime:0.001848s ]

[ 2017-06-22T19:33:53+08:00 ] 127.0.0.1 /index.php/Admin/Goods/getCate.html
INFO: [ app_begin ] --START--
INFO: Run Behavior\ReadHtmlCacheBehavior [ RunTime:0.001270s ]
INFO: [ app_begin ] --END-- [ RunTime:0.001706s ]
SQL: SHOW COLUMNS FROM `sp_cate` [ RunTime:0.0214s ]
SQL: SELECT * FROM `sp_cate` WHERE ( cate_pid=2 )  [ RunTime:0.0004s ]
INFO: [ app_end ] --START--
INFO: Run Behavior\ShowPageTraceBehavior [ RunTime:0.001246s ]
INFO: [ app_end ] --END-- [ RunTime:0.001292s ]

[ 2017-06-22T19:33:54+08:00 ] 127.0.0.1 /index.php/Admin/Goods/getCate.html
INFO: [ app_begin ] --START--
INFO: Run Behavior\ReadHtmlCacheBehavior [ RunTime:0.000855s ]
INFO: [ app_begin ] --END-- [ RunTime:0.001212s ]
SQL: SHOW COLUMNS FROM `sp_cate` [ RunTime:0.0866s ]
SQL: SELECT * FROM `sp_cate` WHERE ( cate_pid=37 )  [ RunTime:0.0006s ]
INFO: [ app_end ] --START--
INFO: Run Behavior\ShowPageTraceBehavior [ RunTime:0.002405s ]
INFO: [ app_end ] --END-- [ RunTime:0.002494s ]

[ 2017-06-22T19:33:57+08:00 ] 127.0.0.1 /index.php/Admin/Goods/getAttr.html
INFO: [ app_begin ] --START--
INFO: Run Behavior\ReadHtmlCacheBehavior [ RunTime:0.000863s ]
INFO: [ app_begin ] --END-- [ RunTime:0.001244s ]
SQL: SHOW COLUMNS FROM `sp_attribute` [ RunTime:0.0242s ]
SQL: SELECT * FROM `sp_attribute` WHERE ( attr_cate_id=42 )  [ RunTime:0.0004s ]
INFO: [ app_end ] --START--
INFO: Run Behavior\ShowPageTraceBehavior [ RunTime:0.001264s ]
INFO: [ app_end ] --END-- [ RunTime:0.001308s ]

[ 2017-06-22T19:34:45+08:00 ] 127.0.0.1 /index.php/Admin/Goods/getCate.html
INFO: [ app_begin ] --START--
INFO: Run Behavior\ReadHtmlCacheBehavior [ RunTime:0.001171s ]
INFO: [ app_begin ] --END-- [ RunTime:0.001586s ]
SQL: SHOW COLUMNS FROM `sp_cate` [ RunTime:0.0908s ]
SQL: SELECT * FROM `sp_cate` WHERE ( cate_pid=1 )  [ RunTime:0.0005s ]
INFO: [ app_end ] --START--
INFO: Run Behavior\ShowPageTraceBehavior [ RunTime:0.001620s ]
INFO: [ app_end ] --END-- [ RunTime:0.001689s ]

[ 2017-06-22T19:34:47+08:00 ] 127.0.0.1 /index.php/Admin/Goods/getCate.html
INFO: [ app_begin ] --START--
INFO: Run Behavior\ReadHtmlCacheBehavior [ RunTime:0.001023s ]
INFO: [ app_begin ] --END-- [ RunTime:0.001446s ]
SQL: SHOW COLUMNS FROM `sp_cate` [ RunTime:0.0150s ]
SQL: SELECT * FROM `sp_cate` WHERE ( cate_pid=14 )  [ RunTime:0.0003s ]
INFO: [ app_end ] --START--
INFO: Run Behavior\ShowPageTraceBehavior [ RunTime:0.001243s ]
INFO: [ app_end ] --END-- [ RunTime:0.001290s ]

[ 2017-06-22T19:34:50+08:00 ] 127.0.0.1 /index.php/Admin/Goods/getAttr.html
INFO: [ app_begin ] --START--
INFO: Run Behavior\ReadHtmlCacheBehavior [ RunTime:0.000863s ]
INFO: [ app_begin ] --END-- [ RunTime:0.001225s ]
SQL: SHOW COLUMNS FROM `sp_attribute` [ RunTime:0.0664s ]
SQL: SELECT * FROM `sp_attribute` WHERE ( attr_cate_id=23 )  [ RunTime:0.0003s ]
INFO: [ app_end ] --START--
INFO: Run Behavior\ShowPageTraceBehavior [ RunTime:0.000998s ]
INFO: [ app_end ] --END-- [ RunTime:0.001032s ]

[ 2017-06-22T19:35:31+08:00 ] 127.0.0.1 /index.php/Admin/Goods/getCate.html
INFO: [ app_begin ] --START--
INFO: Run Behavior\ReadHtmlCacheBehavior [ RunTime:0.000946s ]
INFO: [ app_begin ] --END-- [ RunTime:0.001332s ]
SQL: SHOW COLUMNS FROM `sp_cate` [ RunTime:0.0489s ]
SQL: SELECT * FROM `sp_cate` WHERE ( cate_pid=0 )  [ RunTime:0.0006s ]
INFO: [ app_end ] --START--
INFO: Run Behavior\ShowPageTraceBehavior [ RunTime:0.001958s ]
INFO: [ app_end ] --END-- [ RunTime:0.002029s ]

[ 2017-06-22T19:37:40+08:00 ] 127.0.0.1 /index.php/Admin/Goods/getCate.html
INFO: [ app_begin ] --START--
INFO: Run Behavior\ReadHtmlCacheBehavior [ RunTime:0.000945s ]
INFO: [ app_begin ] --END-- [ RunTime:0.001326s ]
SQL: SHOW COLUMNS FROM `sp_cate` [ RunTime:0.0120s ]
SQL: SELECT * FROM `sp_cate` WHERE ( cate_pid=3 )  [ RunTime:0.0004s ]
INFO: [ app_end ] --START--
INFO: Run Behavior\ShowPageTraceBehavior [ RunTime:0.000998s ]
INFO: [ app_end ] --END-- [ RunTime:0.001037s ]

[ 2017-06-22T19:37:42+08:00 ] 127.0.0.1 /index.php/Admin/Goods/getCate.html
INFO: [ app_begin ] --START--
INFO: Run Behavior\ReadHtmlCacheBehavior [ RunTime:0.000874s ]
INFO: [ app_begin ] --END-- [ RunTime:0.001244s ]
SQL: SHOW COLUMNS FROM `sp_cate` [ RunTime:0.0546s ]
SQL: SELECT * FROM `sp_cate` WHERE ( cate_pid=35 )  [ RunTime:0.0005s ]
INFO: [ app_end ] --START--
INFO: Run Behavior\ShowPageTraceBehavior [ RunTime:0.001995s ]
INFO: [ app_end ] --END-- [ RunTime:0.002071s ]

[ 2017-06-22T19:37:45+08:00 ] 127.0.0.1 /index.php/Admin/Goods/getAttr.html
INFO: [ app_begin ] --START--
INFO: Run Behavior\ReadHtmlCacheBehavior [ RunTime:0.001250s ]
INFO: [ app_begin ] --END-- [ RunTime:0.001769s ]
SQL: SHOW COLUMNS FROM `sp_attribute` [ RunTime:0.0293s ]
SQL: SELECT * FROM `sp_attribute` WHERE ( attr_cate_id=56 )  [ RunTime:0.0006s ]
INFO: [ app_end ] --START--
INFO: Run Behavior\ShowPageTraceBehavior [ RunTime:0.002961s ]
INFO: [ app_end ] --END-- [ RunTime:0.003055s ]

[ 2017-06-22T19:37:52+08:00 ] 127.0.0.1 /index.php/Admin/Goods/getCate.html
INFO: [ app_begin ] --START--
INFO: Run Behavior\ReadHtmlCacheBehavior [ RunTime:0.001233s ]
INFO: [ app_begin ] --END-- [ RunTime:0.001750s ]
SQL: SHOW COLUMNS FROM `sp_cate` [ RunTime:0.0152s ]
SQL: SELECT * FROM `sp_cate` WHERE ( cate_pid=1 )  [ RunTime:0.0004s ]
INFO: [ app_end ] --START--
INFO: Run Behavior\ShowPageTraceBehavior [ RunTime:0.001230s ]
INFO: [ app_end ] --END-- [ RunTime:0.001271s ]

[ 2017-06-22T19:37:54+08:00 ] 127.0.0.1 /index.php/Admin/Goods/getCate.html
INFO: [ app_begin ] --START--
INFO: Run Behavior\ReadHtmlCacheBehavior [ RunTime:0.000866s ]
INFO: [ app_begin ] --END-- [ RunTime:0.001250s ]
SQL: SHOW COLUMNS FROM `sp_cate` [ RunTime:0.0132s ]
SQL: SELECT * FROM `sp_cate` WHERE ( cate_pid=14 )  [ RunTime:0.0003s ]
INFO: [ app_end ] --START--
INFO: Run Behavior\ShowPageTraceBehavior [ RunTime:0.000995s ]
INFO: [ app_end ] --END-- [ RunTime:0.001028s ]

[ 2017-06-22T19:37:57+08:00 ] 127.0.0.1 /index.php/Admin/Goods/getAttr.html
INFO: [ app_begin ] --START--
INFO: Run Behavior\ReadHtmlCacheBehavior [ RunTime:0.000868s ]
INFO: [ app_begin ] --END-- [ RunTime:0.001243s ]
SQL: SHOW COLUMNS FROM `sp_attribute` [ RunTime:0.0588s ]
SQL: SELECT * FROM `sp_attribute` WHERE ( attr_cate_id=23 )  [ RunTime:0.0005s ]
INFO: [ app_end ] --START--
INFO: Run Behavior\ShowPageTraceBehavior [ RunTime:0.002314s ]
INFO: [ app_end ] --END-- [ RunTime:0.002394s ]

[ 2017-06-22T19:39:30+08:00 ] 127.0.0.1 /index.php/Admin/Goods/getCate.html
INFO: [ app_begin ] --START--
INFO: Run Behavior\ReadHtmlCacheBehavior [ RunTime:0.000907s ]
INFO: [ app_begin ] --END-- [ RunTime:0.001417s ]
SQL: SHOW COLUMNS FROM `sp_cate` [ RunTime:0.0147s ]
SQL: SELECT * FROM `sp_cate` WHERE ( cate_pid=2 )  [ RunTime:0.0003s ]
INFO: [ app_end ] --START--
INFO: Run Behavior\ShowPageTraceBehavior [ RunTime:0.000987s ]
INFO: [ app_end ] --END-- [ RunTime:0.001021s ]

[ 2017-06-22T19:39:31+08:00 ] 127.0.0.1 /index.php/Admin/Goods/getCate.html
INFO: [ app_begin ] --START--
INFO: Run Behavior\ReadHtmlCacheBehavior [ RunTime:0.001031s ]
INFO: [ app_begin ] --END-- [ RunTime:0.001405s ]
SQL: SHOW COLUMNS FROM `sp_cate` [ RunTime:0.0326s ]
SQL: SELECT * FROM `sp_cate` WHERE ( cate_pid=37 )  [ RunTime:0.0005s ]
INFO: [ app_end ] --START--
INFO: Run Behavior\ShowPageTraceBehavior [ RunTime:0.002146s ]
INFO: [ app_end ] --END-- [ RunTime:0.002252s ]

[ 2017-06-22T19:39:33+08:00 ] 127.0.0.1 /index.php/Admin/Goods/getAttr.html
INFO: [ app_begin ] --START--
INFO: Run Behavior\ReadHtmlCacheBehavior [ RunTime:0.000874s ]
INFO: [ app_begin ] --END-- [ RunTime:0.001300s ]
SQL: SHOW COLUMNS FROM `sp_attribute` [ RunTime:0.0174s ]
SQL: SELECT * FROM `sp_attribute` WHERE ( attr_cate_id=42 )  [ RunTime:0.0003s ]
INFO: [ app_end ] --START--
INFO: Run Behavior\ShowPageTraceBehavior [ RunTime:0.001091s ]
INFO: [ app_end ] --END-- [ RunTime:0.001131s ]

[ 2017-06-22T19:51:04+08:00 ] 127.0.0.1 /index.php/Admin/Goods/getCate.html
INFO: [ app_begin ] --START--
INFO: Run Behavior\ReadHtmlCacheBehavior [ RunTime:0.000967s ]
INFO: [ app_begin ] --END-- [ RunTime:0.001361s ]
SQL: SHOW COLUMNS FROM `sp_cate` [ RunTime:0.0673s ]
SQL: SELECT * FROM `sp_cate` WHERE ( cate_pid=2 )  [ RunTime:0.0007s ]
INFO: [ app_end ] --START--
INFO: Run Behavior\ShowPageTraceBehavior [ RunTime:0.002920s ]
INFO: [ app_end ] --END-- [ RunTime:0.003027s ]

[ 2017-06-22T19:51:05+08:00 ] 127.0.0.1 /index.php/Admin/Goods/getCate.html
INFO: [ app_begin ] --START--
INFO: Run Behavior\ReadHtmlCacheBehavior [ RunTime:0.001053s ]
INFO: [ app_begin ] --END-- [ RunTime:0.001467s ]
SQL: SHOW COLUMNS FROM `sp_cate` [ RunTime:0.0125s ]
SQL: SELECT * FROM `sp_cate` WHERE ( cate_pid=37 )  [ RunTime:0.0003s ]
INFO: [ app_end ] --START--
INFO: Run Behavior\ShowPageTraceBehavior [ RunTime:0.001355s ]
INFO: [ app_end ] --END-- [ RunTime:0.001404s ]

[ 2017-06-22T19:51:08+08:00 ] 127.0.0.1 /index.php/Admin/Goods/getAttr.html
INFO: [ app_begin ] --START--
INFO: Run Behavior\ReadHtmlCacheBehavior [ RunTime:0.000903s ]
INFO: [ app_begin ] --END-- [ RunTime:0.001336s ]
SQL: SHOW COLUMNS FROM `sp_attribute` [ RunTime:0.0582s ]
SQL: SELECT * FROM `sp_attribute` WHERE ( attr_cate_id=42 )  [ RunTime:0.0006s ]
INFO: [ app_end ] --START--
INFO: Run Behavior\ShowPageTraceBehavior [ RunTime:0.002087s ]
INFO: [ app_end ] --END-- [ RunTime:0.002159s ]

[ 2017-06-22T19:55:03+08:00 ] 127.0.0.1 /index.php/Admin/Goods/getCate.html
INFO: [ app_begin ] --START--
INFO: Run Behavior\ReadHtmlCacheBehavior [ RunTime:0.001399s ]
INFO: [ app_begin ] --END-- [ RunTime:0.001923s ]
SQL: SHOW COLUMNS FROM `sp_cate` [ RunTime:0.0625s ]
SQL: SELECT * FROM `sp_cate` WHERE ( cate_pid=2 )  [ RunTime:0.0011s ]
INFO: [ app_end ] --START--
INFO: Run Behavior\ShowPageTraceBehavior [ RunTime:0.004009s ]
INFO: [ app_end ] --END-- [ RunTime:0.004159s ]

[ 2017-06-22T19:55:04+08:00 ] 127.0.0.1 /index.php/Admin/Goods/getCate.html
INFO: [ app_begin ] --START--
INFO: Run Behavior\ReadHtmlCacheBehavior [ RunTime:0.001280s ]
INFO: [ app_begin ] --END-- [ RunTime:0.001822s ]
SQL: SHOW COLUMNS FROM `sp_cate` [ RunTime:0.0438s ]
SQL: SELECT * FROM `sp_cate` WHERE ( cate_pid=37 )  [ RunTime:0.0004s ]
INFO: [ app_end ] --START--
INFO: Run Behavior\ShowPageTraceBehavior [ RunTime:0.001212s ]
INFO: [ app_end ] --END-- [ RunTime:0.001254s ]

[ 2017-06-22T19:55:07+08:00 ] 127.0.0.1 /index.php/Admin/Goods/getAttr.html
INFO: [ app_begin ] --START--
INFO: Run Behavior\ReadHtmlCacheBehavior [ RunTime:0.001006s ]
INFO: [ app_begin ] --END-- [ RunTime:0.001413s ]
SQL: SHOW COLUMNS FROM `sp_attribute` [ RunTime:0.0503s ]
SQL: SELECT * FROM `sp_attribute` WHERE ( attr_cate_id=42 )  [ RunTime:0.0003s ]
INFO: [ app_end ] --START--
INFO: Run Behavior\ShowPageTraceBehavior [ RunTime:0.001067s ]
INFO: [ app_end ] --END-- [ RunTime:0.001111s ]

[ 2017-06-22T19:59:10+08:00 ] 127.0.0.1 /index.php/Admin/Goods/getCate.html
INFO: [ app_begin ] --START--
INFO: Run Behavior\ReadHtmlCacheBehavior [ RunTime:0.000924s ]
INFO: [ app_begin ] --END-- [ RunTime:0.001299s ]
SQL: SHOW COLUMNS FROM `sp_cate` [ RunTime:0.0149s ]
SQL: SELECT * FROM `sp_cate` WHERE ( cate_pid=2 )  [ RunTime:0.0003s ]
INFO: [ app_end ] --START--
INFO: Run Behavior\ShowPageTraceBehavior [ RunTime:0.001333s ]
INFO: [ app_end ] --END-- [ RunTime:0.001390s ]

[ 2017-06-22T19:59:13+08:00 ] 127.0.0.1 /index.php/Admin/Goods/getCate.html
INFO: [ app_begin ] --START--
INFO: Run Behavior\ReadHtmlCacheBehavior [ RunTime:0.000865s ]
INFO: [ app_begin ] --END-- [ RunTime:0.001248s ]
SQL: SHOW COLUMNS FROM `sp_cate` [ RunTime:0.0112s ]
SQL: SELECT * FROM `sp_cate` WHERE ( cate_pid=37 )  [ RunTime:0.0003s ]
INFO: [ app_end ] --START--
INFO: Run Behavior\ShowPageTraceBehavior [ RunTime:0.001037s ]
INFO: [ app_end ] --END-- [ RunTime:0.001079s ]

[ 2017-06-22T19:59:15+08:00 ] 127.0.0.1 /index.php/Admin/Goods/getAttr.html
INFO: [ app_begin ] --START--
INFO: Run Behavior\ReadHtmlCacheBehavior [ RunTime:0.000860s ]
INFO: [ app_begin ] --END-- [ RunTime:0.001220s ]
SQL: SHOW COLUMNS FROM `sp_attribute` [ RunTime:0.0453s ]
SQL: SELECT * FROM `sp_attribute` WHERE ( attr_cate_id=42 )  [ RunTime:0.0004s ]
INFO: [ app_end ] --START--
INFO: Run Behavior\ShowPageTraceBehavior [ RunTime:0.001024s ]
INFO: [ app_end ] --END-- [ RunTime:0.001059s ]

[ 2017-06-22T20:03:14+08:00 ] 127.0.0.1 /index.php/Admin/Goods/getCate.html
INFO: [ app_begin ] --START--
INFO: Run Behavior\ReadHtmlCacheBehavior [ RunTime:0.002775s ]
INFO: [ app_begin ] --END-- [ RunTime:0.003292s ]
SQL: SHOW COLUMNS FROM `sp_cate` [ RunTime:0.0144s ]
SQL: SELECT * FROM `sp_cate` WHERE ( cate_pid=1 )  [ RunTime:0.0004s ]
INFO: [ app_end ] --START--
INFO: Run Behavior\ShowPageTraceBehavior [ RunTime:0.001280s ]
INFO: [ app_end ] --END-- [ RunTime:0.001328s ]

[ 2017-06-22T20:03:21+08:00 ] 127.0.0.1 /index.php/Admin/Goods/getCate.html
INFO: [ app_begin ] --START--
INFO: Run Behavior\ReadHtmlCacheBehavior [ RunTime:0.000862s ]
INFO: [ app_begin ] --END-- [ RunTime:0.001242s ]
SQL: SHOW COLUMNS FROM `sp_cate` [ RunTime:0.0255s ]
SQL: SELECT * FROM `sp_cate` WHERE ( cate_pid=2 )  [ RunTime:0.0005s ]
INFO: [ app_end ] --START--
INFO: Run Behavior\ShowPageTraceBehavior [ RunTime:0.002086s ]
INFO: [ app_end ] --END-- [ RunTime:0.002160s ]

[ 2017-06-22T20:03:23+08:00 ] 127.0.0.1 /index.php/Admin/Goods/getCate.html
INFO: [ app_begin ] --START--
INFO: Run Behavior\ReadHtmlCacheBehavior [ RunTime:0.000879s ]
INFO: [ app_begin ] --END-- [ RunTime:0.001277s ]
SQL: SHOW COLUMNS FROM `sp_cate` [ RunTime:0.0614s ]
SQL: SELECT * FROM `sp_cate` WHERE ( cate_pid=37 )  [ RunTime:0.0005s ]
INFO: [ app_end ] --START--
INFO: Run Behavior\ShowPageTraceBehavior [ RunTime:0.002348s ]
INFO: [ app_end ] --END-- [ RunTime:0.002437s ]

[ 2017-06-22T20:03:25+08:00 ] 127.0.0.1 /index.php/Admin/Goods/getAttr.html
INFO: [ app_begin ] --START--
INFO: Run Behavior\ReadHtmlCacheBehavior [ RunTime:0.001106s ]
INFO: [ app_begin ] --END-- [ RunTime:0.001594s ]
SQL: SHOW COLUMNS FROM `sp_attribute` [ RunTime:0.0389s ]
SQL: SELECT * FROM `sp_attribute` WHERE ( attr_cate_id=42 )  [ RunTime:0.0006s ]
INFO: [ app_end ] --START--
INFO: Run Behavior\ShowPageTraceBehavior [ RunTime:0.002255s ]
INFO: [ app_end ] --END-- [ RunTime:0.002332s ]

[ 2017-06-22T20:05:29+08:00 ] 127.0.0.1 /index.php/Admin/Goods/getCate.html
INFO: [ app_begin ] --START--
INFO: Run Behavior\ReadHtmlCacheBehavior [ RunTime:0.000947s ]
INFO: [ app_begin ] --END-- [ RunTime:0.001329s ]
SQL: SHOW COLUMNS FROM `sp_cate` [ RunTime:0.0250s ]
SQL: SELECT * FROM `sp_cate` WHERE ( cate_pid=2 )  [ RunTime:0.0003s ]
INFO: [ app_end ] --START--
INFO: Run Behavior\ShowPageTraceBehavior [ RunTime:0.000982s ]
INFO: [ app_end ] --END-- [ RunTime:0.001019s ]

[ 2017-06-22T20:05:31+08:00 ] 127.0.0.1 /index.php/Admin/Goods/getCate.html
INFO: [ app_begin ] --START--
INFO: Run Behavior\ReadHtmlCacheBehavior [ RunTime:0.000871s ]
INFO: [ app_begin ] --END-- [ RunTime:0.001258s ]
SQL: SHOW COLUMNS FROM `sp_cate` [ RunTime:0.0459s ]
SQL: SELECT * FROM `sp_cate` WHERE ( cate_pid=37 )  [ RunTime:0.0005s ]
INFO: [ app_end ] --START--
INFO: Run Behavior\ShowPageTraceBehavior [ RunTime:0.001944s ]
INFO: [ app_end ] --END-- [ RunTime:0.002019s ]

[ 2017-06-22T20:05:34+08:00 ] 127.0.0.1 /index.php/Admin/Goods/getAttr.html
INFO: [ app_begin ] --START--
INFO: Run Behavior\ReadHtmlCacheBehavior [ RunTime:0.000902s ]
INFO: [ app_begin ] --END-- [ RunTime:0.001272s ]
SQL: SHOW COLUMNS FROM `sp_attribute` [ RunTime:0.0346s ]
SQL: SELECT * FROM `sp_attribute` WHERE ( attr_cate_id=42 )  [ RunTime:0.0005s ]
INFO: [ app_end ] --START--
INFO: Run Behavior\ShowPageTraceBehavior [ RunTime:0.001682s ]
INFO: [ app_end ] --END-- [ RunTime:0.001745s ]

[ 2017-06-22T20:11:09+08:00 ] 127.0.0.1 /index.php/Admin/Goods/getCate.html
INFO: [ app_begin ] --START--
INFO: Run Behavior\ReadHtmlCacheBehavior [ RunTime:0.000968s ]
INFO: [ app_begin ] --END-- [ RunTime:0.001351s ]
SQL: SHOW COLUMNS FROM `sp_cate` [ RunTime:0.0444s ]
SQL: SELECT * FROM `sp_cate` WHERE ( cate_pid=3 )  [ RunTime:0.0006s ]
INFO: [ app_end ] --START--
INFO: Run Behavior\ShowPageTraceBehavior [ RunTime:0.002491s ]
INFO: [ app_end ] --END-- [ RunTime:0.002625s ]

[ 2017-06-22T20:11:10+08:00 ] 127.0.0.1 /index.php/Admin/Goods/getCate.html
INFO: [ app_begin ] --START--
INFO: Run Behavior\ReadHtmlCacheBehavior [ RunTime:0.000938s ]
INFO: [ app_begin ] --END-- [ RunTime:0.001306s ]
SQL: SHOW COLUMNS FROM `sp_cate` [ RunTime:0.0278s ]
SQL: SELECT * FROM `sp_cate` WHERE ( cate_pid=35 )  [ RunTime:0.0003s ]
INFO: [ app_end ] --START--
INFO: Run Behavior\ShowPageTraceBehavior [ RunTime:0.001029s ]
INFO: [ app_end ] --END-- [ RunTime:0.001074s ]

[ 2017-06-22T20:11:16+08:00 ] 127.0.0.1 /index.php/Admin/Goods/getAttr.html
INFO: [ app_begin ] --START--
INFO: Run Behavior\ReadHtmlCacheBehavior [ RunTime:0.000881s ]
INFO: [ app_begin ] --END-- [ RunTime:0.001296s ]
SQL: SHOW COLUMNS FROM `sp_attribute` [ RunTime:0.0388s ]
SQL: SELECT * FROM `sp_attribute` WHERE ( attr_cate_id=55 )  [ RunTime:0.0005s ]
INFO: [ app_end ] --START--
INFO: Run Behavior\ShowPageTraceBehavior [ RunTime:0.002350s ]
INFO: [ app_end ] --END-- [ RunTime:0.002424s ]

[ 2017-06-22T20:15:29+08:00 ] 127.0.0.1 /index.php/Admin/Goods/getCate.html
INFO: [ app_begin ] --START--
INFO: Run Behavior\ReadHtmlCacheBehavior [ RunTime:0.000914s ]
INFO: [ app_begin ] --END-- [ RunTime:0.001328s ]
SQL: SHOW COLUMNS FROM `sp_cate` [ RunTime:0.0769s ]
SQL: SELECT * FROM `sp_cate` WHERE ( cate_pid=3 )  [ RunTime:0.0007s ]
INFO: [ app_end ] --START--
INFO: Run Behavior\ShowPageTraceBehavior [ RunTime:0.003839s ]
INFO: [ app_end ] --END-- [ RunTime:0.003949s ]

[ 2017-06-22T20:15:31+08:00 ] 127.0.0.1 /index.php/Admin/Goods/getCate.html
INFO: [ app_begin ] --START--
INFO: Run Behavior\ReadHtmlCacheBehavior [ RunTime:0.000863s ]
INFO: [ app_begin ] --END-- [ RunTime:0.001233s ]
SQL: SHOW COLUMNS FROM `sp_cate` [ RunTime:0.0333s ]
SQL: SELECT * FROM `sp_cate` WHERE ( cate_pid=35 )  [ RunTime:0.0007s ]
INFO: [ app_end ] --START--
INFO: Run Behavior\ShowPageTraceBehavior [ RunTime:0.002634s ]
INFO: [ app_end ] --END-- [ RunTime:0.002722s ]

[ 2017-06-22T20:15:33+08:00 ] 127.0.0.1 /index.php/Admin/Goods/getAttr.html
INFO: [ app_begin ] --START--
INFO: Run Behavior\ReadHtmlCacheBehavior [ RunTime:0.000867s ]
INFO: [ app_begin ] --END-- [ RunTime:0.001223s ]
SQL: SHOW COLUMNS FROM `sp_attribute` [ RunTime:0.0428s ]
SQL: SELECT * FROM `sp_attribute` WHERE ( attr_cate_id=55 )  [ RunTime:0.0005s ]
INFO: [ app_end ] --START--
INFO: Run Behavior\ShowPageTraceBehavior [ RunTime:0.002361s ]
INFO: [ app_end ] --END-- [ RunTime:0.002437s ]

[ 2017-06-22T20:17:56+08:00 ] 127.0.0.1 /index.php/Admin/Goods/getCate.html
INFO: [ app_begin ] --START--
INFO: Run Behavior\ReadHtmlCacheBehavior [ RunTime:0.000861s ]
INFO: [ app_begin ] --END-- [ RunTime:0.001221s ]
SQL: SHOW COLUMNS FROM `sp_cate` [ RunTime:0.0231s ]
SQL: SELECT * FROM `sp_cate` WHERE ( cate_pid=2 )  [ RunTime:0.0005s ]
INFO: [ app_end ] --START--
INFO: Run Behavior\ShowPageTraceBehavior [ RunTime:0.002005s ]
INFO: [ app_end ] --END-- [ RunTime:0.002077s ]

[ 2017-06-22T20:17:58+08:00 ] 127.0.0.1 /index.php/Admin/Goods/getCate.html
INFO: [ app_begin ] --START--
INFO: Run Behavior\ReadHtmlCacheBehavior [ RunTime:0.000861s ]
INFO: [ app_begin ] --END-- [ RunTime:0.001229s ]
SQL: SHOW COLUMNS FROM `sp_cate` [ RunTime:0.0113s ]
SQL: SELECT * FROM `sp_cate` WHERE ( cate_pid=3 )  [ RunTime:0.0003s ]
INFO: [ app_end ] --START--
INFO: Run Behavior\ShowPageTraceBehavior [ RunTime:0.000998s ]
INFO: [ app_end ] --END-- [ RunTime:0.001040s ]

[ 2017-06-22T20:17:59+08:00 ] 127.0.0.1 /index.php/Admin/Goods/getCate.html
INFO: [ app_begin ] --START--
INFO: Run Behavior\ReadHtmlCacheBehavior [ RunTime:0.000954s ]
INFO: [ app_begin ] --END-- [ RunTime:0.001431s ]
SQL: SHOW COLUMNS FROM `sp_cate` [ RunTime:0.0146s ]
SQL: SELECT * FROM `sp_cate` WHERE ( cate_pid=35 )  [ RunTime:0.0003s ]
INFO: [ app_end ] --START--
INFO: Run Behavior\ShowPageTraceBehavior [ RunTime:0.001133s ]
INFO: [ app_end ] --END-- [ RunTime:0.001174s ]

[ 2017-06-22T20:18:01+08:00 ] 127.0.0.1 /index.php/Admin/Goods/getAttr.html
INFO: [ app_begin ] --START--
INFO: Run Behavior\ReadHtmlCacheBehavior [ RunTime:0.000879s ]
INFO: [ app_begin ] --END-- [ RunTime:0.001277s ]
SQL: SHOW COLUMNS FROM `sp_attribute` [ RunTime:0.0167s ]
SQL: SELECT * FROM `sp_attribute` WHERE ( attr_cate_id=55 )  [ RunTime:0.0005s ]
INFO: [ app_end ] --START--
INFO: Run Behavior\ShowPageTraceBehavior [ RunTime:0.001371s ]
INFO: [ app_end ] --END-- [ RunTime:0.001440s ]

[ 2017-06-22T20:30:01+08:00 ] 127.0.0.1 /index.php/Admin/Goods/getCate.html
INFO: [ app_begin ] --START--
INFO: Run Behavior\ReadHtmlCacheBehavior [ RunTime:0.001458s ]
INFO: [ app_begin ] --END-- [ RunTime:0.001927s ]
SQL: SHOW COLUMNS FROM `sp_cate` [ RunTime:0.0249s ]
SQL: SELECT * FROM `sp_cate` WHERE ( cate_pid=2 )  [ RunTime:0.0004s ]
INFO: [ app_end ] --START--
INFO: Run Behavior\ShowPageTraceBehavior [ RunTime:0.001207s ]
INFO: [ app_end ] --END-- [ RunTime:0.001249s ]

[ 2017-06-22T20:30:03+08:00 ] 127.0.0.1 /index.php/Admin/Goods/getCate.html
INFO: [ app_begin ] --START--
INFO: Run Behavior\ReadHtmlCacheBehavior [ RunTime:0.000881s ]
INFO: [ app_begin ] --END-- [ RunTime:0.001306s ]
SQL: SHOW COLUMNS FROM `sp_cate` [ RunTime:0.0348s ]
SQL: SELECT * FROM `sp_cate` WHERE ( cate_pid=37 )  [ RunTime:0.0003s ]
INFO: [ app_end ] --START--
INFO: Run Behavior\ShowPageTraceBehavior [ RunTime:0.001023s ]
INFO: [ app_end ] --END-- [ RunTime:0.001062s ]

[ 2017-06-22T20:30:05+08:00 ] 127.0.0.1 /index.php/Admin/Goods/getAttr.html
INFO: [ app_begin ] --START--
INFO: Run Behavior\ReadHtmlCacheBehavior [ RunTime:0.000875s ]
INFO: [ app_begin ] --END-- [ RunTime:0.001237s ]
SQL: SHOW COLUMNS FROM `sp_attribute` [ RunTime:0.0210s ]
SQL: SELECT * FROM `sp_attribute` WHERE ( attr_cate_id=42 )  [ RunTime:0.0003s ]
INFO: [ app_end ] --START--
INFO: Run Behavior\ShowPageTraceBehavior [ RunTime:0.001003s ]
INFO: [ app_end ] --END-- [ RunTime:0.001035s ]

[ 2017-06-22T20:30:10+08:00 ] 127.0.0.1 /index.php/Admin/Goods/add
ERR: SQLSTATE[HY000]: General error: 1364 Field 'goods_name' doesn't have a default value

[ 2017-06-22T20:31:48+08:00 ] 127.0.0.1 /index.php/Admin/Goods/add
ERR: SQLSTATE[23000]: Integrity constraint violation: 1062 Duplicate entry '' for key 'goods_name'

[ 2017-06-22T20:34:25+08:00 ] 127.0.0.1 /index.php/Admin/Goods/getCate.html
INFO: [ app_begin ] --START--
INFO: Run Behavior\ReadHtmlCacheBehavior [ RunTime:0.001244s ]
INFO: [ app_begin ] --END-- [ RunTime:0.001902s ]
SQL: SHOW COLUMNS FROM `sp_cate` [ RunTime:0.0211s ]
SQL: SELECT * FROM `sp_cate` WHERE ( cate_pid=2 )  [ RunTime:0.0004s ]
INFO: [ app_end ] --START--
INFO: Run Behavior\ShowPageTraceBehavior [ RunTime:0.001472s ]
INFO: [ app_end ] --END-- [ RunTime:0.001522s ]

[ 2017-06-22T20:34:27+08:00 ] 127.0.0.1 /index.php/Admin/Goods/getCate.html
INFO: [ app_begin ] --START--
INFO: Run Behavior\ReadHtmlCacheBehavior [ RunTime:0.000863s ]
INFO: [ app_begin ] --END-- [ RunTime:0.001229s ]
SQL: SHOW COLUMNS FROM `sp_cate` [ RunTime:0.0350s ]
SQL: SELECT * FROM `sp_cate` WHERE ( cate_pid=37 )  [ RunTime:0.0007s ]
INFO: [ app_end ] --START--
INFO: Run Behavior\ShowPageTraceBehavior [ RunTime:0.001962s ]
INFO: [ app_end ] --END-- [ RunTime:0.002022s ]

[ 2017-06-22T20:34:29+08:00 ] 127.0.0.1 /index.php/Admin/Goods/getAttr.html
INFO: [ app_begin ] --START--
INFO: Run Behavior\ReadHtmlCacheBehavior [ RunTime:0.001013s ]
INFO: [ app_begin ] --END-- [ RunTime:0.001407s ]
SQL: SHOW COLUMNS FROM `sp_attribute` [ RunTime:0.0347s ]
SQL: SELECT * FROM `sp_attribute` WHERE ( attr_cate_id=42 )  [ RunTime:0.0004s ]
INFO: [ app_end ] --START--
INFO: Run Behavior\ShowPageTraceBehavior [ RunTime:0.002831s ]
INFO: [ app_end ] --END-- [ RunTime:0.002875s ]

[ 2017-06-22T20:34:35+08:00 ] 127.0.0.1 /index.php/Admin/Goods/add.html
ERR: SQLSTATE[HY000]: General error: 1364 Field 'ga_attr_id' doesn't have a default value

[ 2017-06-22T20:39:28+08:00 ] 127.0.0.1 /index.php/Admin/Goods/getCate.html
INFO: [ app_begin ] --START--
INFO: Run Behavior\ReadHtmlCacheBehavior [ RunTime:0.000951s ]
INFO: [ app_begin ] --END-- [ RunTime:0.001324s ]
SQL: SHOW COLUMNS FROM `sp_cate` [ RunTime:0.0342s ]
SQL: SELECT * FROM `sp_cate` WHERE ( cate_pid=2 )  [ RunTime:0.0003s ]
INFO: [ app_end ] --START--
INFO: Run Behavior\ShowPageTraceBehavior [ RunTime:0.001156s ]
INFO: [ app_end ] --END-- [ RunTime:0.001220s ]

[ 2017-06-22T20:39:41+08:00 ] 127.0.0.1 /index.php/Admin/Goods/getCate.html
INFO: [ app_begin ] --START--
INFO: Run Behavior\ReadHtmlCacheBehavior [ RunTime:0.000988s ]
INFO: [ app_begin ] --END-- [ RunTime:0.001411s ]
SQL: SHOW COLUMNS FROM `sp_cate` [ RunTime:0.0649s ]
SQL: SELECT * FROM `sp_cate` WHERE ( cate_pid=37 )  [ RunTime:0.0007s ]
INFO: [ app_end ] --START--
INFO: Run Behavior\ShowPageTraceBehavior [ RunTime:0.002453s ]
INFO: [ app_end ] --END-- [ RunTime:0.002538s ]

[ 2017-06-22T20:39:43+08:00 ] 127.0.0.1 /index.php/Admin/Goods/getAttr.html
INFO: [ app_begin ] --START--
INFO: Run Behavior\ReadHtmlCacheBehavior [ RunTime:0.001033s ]
INFO: [ app_begin ] --END-- [ RunTime:0.001530s ]
SQL: SHOW COLUMNS FROM `sp_attribute` [ RunTime:0.0410s ]
SQL: SELECT * FROM `sp_attribute` WHERE ( attr_cate_id=42 )  [ RunTime:0.0009s ]
INFO: [ app_end ] --START--
INFO: Run Behavior\ShowPageTraceBehavior [ RunTime:0.002399s ]
INFO: [ app_end ] --END-- [ RunTime:0.002508s ]

[ 2017-06-22T20:47:00+08:00 ] 127.0.0.1 /index.php/Admin/Goods/getCate.html
INFO: [ app_begin ] --START--
INFO: Run Behavior\ReadHtmlCacheBehavior [ RunTime:0.000873s ]
INFO: [ app_begin ] --END-- [ RunTime:0.001243s ]
SQL: SHOW COLUMNS FROM `sp_cate` [ RunTime:0.0276s ]
SQL: SELECT * FROM `sp_cate` WHERE ( cate_pid=3 )  [ RunTime:0.0004s ]
INFO: [ app_end ] --START--
INFO: Run Behavior\ShowPageTraceBehavior [ RunTime:0.001432s ]
INFO: [ app_end ] --END-- [ RunTime:0.001485s ]

[ 2017-06-22T20:47:02+08:00 ] 127.0.0.1 /index.php/Admin/Goods/getCate.html
INFO: [ app_begin ] --START--
INFO: Run Behavior\ReadHtmlCacheBehavior [ RunTime:0.000889s ]
INFO: [ app_begin ] --END-- [ RunTime:0.001327s ]
SQL: SHOW COLUMNS FROM `sp_cate` [ RunTime:0.0160s ]
SQL: SELECT * FROM `sp_cate` WHERE ( cate_pid=1 )  [ RunTime:0.0004s ]
INFO: [ app_end ] --START--
INFO: Run Behavior\ShowPageTraceBehavior [ RunTime:0.001068s ]
INFO: [ app_end ] --END-- [ RunTime:0.001105s ]

[ 2017-06-22T20:47:06+08:00 ] 127.0.0.1 /index.php/Admin/Goods/getCate.html
INFO: [ app_begin ] --START--
INFO: Run Behavior\ReadHtmlCacheBehavior [ RunTime:0.000859s ]
INFO: [ app_begin ] --END-- [ RunTime:0.001242s ]
SQL: SHOW COLUMNS FROM `sp_cate` [ RunTime:0.0193s ]
SQL: SELECT * FROM `sp_cate` WHERE ( cate_pid=2 )  [ RunTime:0.0005s ]
INFO: [ app_end ] --START--
INFO: Run Behavior\ShowPageTraceBehavior [ RunTime:0.001953s ]
INFO: [ app_end ] --END-- [ RunTime:0.002030s ]

[ 2017-06-22T20:47:08+08:00 ] 127.0.0.1 /index.php/Admin/Goods/getCate.html
INFO: [ app_begin ] --START--
INFO: Run Behavior\ReadHtmlCacheBehavior [ RunTime:0.000863s ]
INFO: [ app_begin ] --END-- [ RunTime:0.001220s ]
SQL: SHOW COLUMNS FROM `sp_cate` [ RunTime:0.0224s ]
SQL: SELECT * FROM `sp_cate` WHERE ( cate_pid=37 )  [ RunTime:0.0004s ]
INFO: [ app_end ] --START--
INFO: Run Behavior\ShowPageTraceBehavior [ RunTime:0.001494s ]
INFO: [ app_end ] --END-- [ RunTime:0.001577s ]

[ 2017-06-22T20:47:10+08:00 ] 127.0.0.1 /index.php/Admin/Goods/getAttr.html
INFO: [ app_begin ] --START--
INFO: Run Behavior\ReadHtmlCacheBehavior [ RunTime:0.001067s ]
INFO: [ app_begin ] --END-- [ RunTime:0.001538s ]
SQL: SHOW COLUMNS FROM `sp_attribute` [ RunTime:0.0234s ]
SQL: SELECT * FROM `sp_attribute` WHERE ( attr_cate_id=42 )  [ RunTime:0.0006s ]
INFO: [ app_end ] --START--
INFO: Run Behavior\ShowPageTraceBehavior [ RunTime:0.002137s ]
INFO: [ app_end ] --END-- [ RunTime:0.002218s ]

[ 2017-06-22T20:48:43+08:00 ] 127.0.0.1 /index.php/Admin/Goods/getCate.html
INFO: [ app_begin ] --START--
INFO: Run Behavior\ReadHtmlCacheBehavior [ RunTime:0.000864s ]
INFO: [ app_begin ] --END-- [ RunTime:0.001259s ]
SQL: SHOW COLUMNS FROM `sp_cate` [ RunTime:0.0129s ]
SQL: SELECT * FROM `sp_cate` WHERE ( cate_pid=2 )  [ RunTime:0.0003s ]
INFO: [ app_end ] --START--
INFO: Run Behavior\ShowPageTraceBehavior [ RunTime:0.000978s ]
INFO: [ app_end ] --END-- [ RunTime:0.001011s ]

[ 2017-06-22T20:48:45+08:00 ] 127.0.0.1 /index.php/Admin/Goods/getCate.html
INFO: [ app_begin ] --START--
INFO: Run Behavior\ReadHtmlCacheBehavior [ RunTime:0.000859s ]
INFO: [ app_begin ] --END-- [ RunTime:0.001236s ]
SQL: SHOW COLUMNS FROM `sp_cate` [ RunTime:0.0716s ]
SQL: SELECT * FROM `sp_cate` WHERE ( cate_pid=37 )  [ RunTime:0.0003s ]
INFO: [ app_end ] --START--
INFO: Run Behavior\ShowPageTraceBehavior [ RunTime:0.000989s ]
INFO: [ app_end ] --END-- [ RunTime:0.001023s ]

[ 2017-06-22T20:48:46+08:00 ] 127.0.0.1 /index.php/Admin/Goods/getAttr.html
INFO: [ app_begin ] --START--
INFO: Run Behavior\ReadHtmlCacheBehavior [ RunTime:0.001184s ]
INFO: [ app_begin ] --END-- [ RunTime:0.001571s ]
SQL: SHOW COLUMNS FROM `sp_attribute` [ RunTime:0.0491s ]
SQL: SELECT * FROM `sp_attribute` WHERE ( attr_cate_id=42 )  [ RunTime:0.0003s ]
INFO: [ app_end ] --START--
INFO: Run Behavior\ShowPageTraceBehavior [ RunTime:0.001221s ]
INFO: [ app_end ] --END-- [ RunTime:0.001263s ]

[ 2017-06-22T20:48:52+08:00 ] 127.0.0.1 /index.php/Admin/Goods/add.html
ERR: SQLSTATE[HY000]: General error: 1364 Field 'ga_attr_id' doesn't have a default value

[ 2017-06-22T20:51:25+08:00 ] 127.0.0.1 /index.php/Admin/Goods/add.html
ERR: SQLSTATE[HY000]: General error: 1364 Field 'ga_attr_id' doesn't have a default value

[ 2017-06-22T20:51:56+08:00 ] 127.0.0.1 /index.php/Admin/Goods/add.html
ERR: SQLSTATE[23000]: Integrity constraint violation: 1062 Duplicate entry '' for key 'goods_name'

[ 2017-06-22T20:52:17+08:00 ] 127.0.0.1 /index.php/Admin/Goods/add.html
ERR: SQLSTATE[HY000]: General error: 1364 Field 'ga_attr_id' doesn't have a default value

[ 2017-06-22T20:58:09+08:00 ] 127.0.0.1 /index.php/Admin/Goods/add.html
ERR: SQLSTATE[21S01]: Insert value list does not match column list: 1136 Column count doesn't match value count at row 1

[ 2017-06-22T21:48:33+08:00 ] 127.0.0.1 /Admin/Index/login
ERR: SQLSTATE[42S22]: Column not found: 1054 Unknown column 'username' in 'where clause'

[ 2017-06-22T21:49:06+08:00 ] 127.0.0.1 /Admin/Index/login
ERR: SQLSTATE[42S22]: Column not found: 1054 Unknown column 'Wang' in 'where clause'

[ 2017-06-22T21:51:02+08:00 ] 127.0.0.1 /Admin/Index/login
ERR: SQLSTATE[42S22]: Column not found: 1054 Unknown column 'Wang' in 'where clause'

[ 2017-06-22T21:56:16+08:00 ] 127.0.0.1 /Admin/Index/login
ERR: Think\Model:checkLogin

[ 2017-06-22T21:57:55+08:00 ] 127.0.0.1 /Admin/Index/login
ERR: Think\Model:checkLogin

[ 2017-06-22T21:58:11+08:00 ] 127.0.0.1 /Admin/Index/login
ERR: Think\Model:checkLogin

